2024-10-10 23:42:23 [scrapy.utils.log] INFO: Scrapy 2.11.2 started (bot: nawilebi)
2024-10-10 23:42:23 [scrapy.utils.log] INFO: Versions: lxml 5.3.0.0, libxml2 2.11.7, cssselect 1.2.0, parsel 1.9.1, w3lib 2.2.1, Twisted 24.7.0, Python 3.11.9 | packaged by Anaconda, Inc. | (main, Apr 19 2024, 16:40:41) [MSC v.1916 64 bit (AMD64)], pyOpenSSL 24.2.1 (OpenSSL 3.0.15 3 Sep 2024), cryptography 43.0.0, Platform Windows-10-10.0.22631-SP0
2024-10-10 23:42:23 [scrapy.addons] INFO: Enabled addons:
[]
2024-10-10 23:42:23 [asyncio] DEBUG: Using selector: SelectSelector
2024-10-10 23:42:23 [scrapy.utils.log] DEBUG: Using reactor: twisted.internet.asyncioreactor.AsyncioSelectorReactor
2024-10-10 23:42:23 [scrapy.utils.log] DEBUG: Using asyncio event loop: asyncio.windows_events._WindowsSelectorEventLoop
2024-10-10 23:42:23 [scrapy.extensions.telnet] INFO: Telnet Password: 4fc7cc7bc7e9e6aa
2024-10-10 23:42:23 [scrapy.middleware] INFO: Enabled extensions:
['scrapy.extensions.corestats.CoreStats',
 'scrapy.extensions.telnet.TelnetConsole',
 'scrapy.extensions.logstats.LogStats']
2024-10-10 23:42:23 [scrapy.crawler] INFO: Overridden settings:
{'BOT_NAME': 'nawilebi',
 'DEPTH_LIMIT': 10,
 'DOWNLOAD_DELAY': 0.5,
 'FEED_EXPORT_ENCODING': 'utf-8',
 'LOG_FILE': 'scrapy_output.log',
 'NEWSPIDER_MODULE': 'nawilebi.spiders',
 'REQUEST_FINGERPRINTER_IMPLEMENTATION': '2.7',
 'SPIDER_MODULES': ['nawilebi.spiders'],
 'TWISTED_REACTOR': 'twisted.internet.asyncioreactor.AsyncioSelectorReactor'}
2024-10-10 23:42:23 [scrapy.middleware] INFO: Enabled downloader middlewares:
['scrapy.downloadermiddlewares.offsite.OffsiteMiddleware',
 'scrapy.downloadermiddlewares.httpauth.HttpAuthMiddleware',
 'scrapy.downloadermiddlewares.downloadtimeout.DownloadTimeoutMiddleware',
 'scrapy.downloadermiddlewares.defaultheaders.DefaultHeadersMiddleware',
 'scrapy.downloadermiddlewares.useragent.UserAgentMiddleware',
 'scrapy.downloadermiddlewares.retry.RetryMiddleware',
 'scrapy.downloadermiddlewares.redirect.MetaRefreshMiddleware',
 'scrapy.downloadermiddlewares.httpcompression.HttpCompressionMiddleware',
 'scrapy.downloadermiddlewares.redirect.RedirectMiddleware',
 'scrapy.downloadermiddlewares.cookies.CookiesMiddleware',
 'scrapy.downloadermiddlewares.httpproxy.HttpProxyMiddleware',
 'scrapy.downloadermiddlewares.stats.DownloaderStats']
2024-10-10 23:42:23 [scrapy.middleware] INFO: Enabled spider middlewares:
['scrapy.spidermiddlewares.httperror.HttpErrorMiddleware',
 'scrapy.spidermiddlewares.referer.RefererMiddleware',
 'scrapy.spidermiddlewares.urllength.UrlLengthMiddleware',
 'scrapy.spidermiddlewares.depth.DepthMiddleware']
2024-10-10 23:42:23 [scrapy.middleware] INFO: Enabled item pipelines:
['nawilebi.pipelines.OtopartsPipeline',
 'nawilebi.pipelines.SaveToMySQLPipeline']
2024-10-10 23:42:23 [scrapy.core.engine] INFO: Spider opened
2024-10-10 23:42:23 [scrapy.extensions.logstats] INFO: Crawled 0 pages (at 0 pages/min), scraped 0 items (at 0 items/min)
2024-10-10 23:42:23 [scrapy.extensions.telnet] INFO: Telnet console listening on 127.0.0.1:6024
2024-10-10 23:42:26 [scrapy.core.engine] DEBUG: Crawled (200) <GET https://otoparts.ge/dzaris-natsilebi/> (referer: None)
2024-10-10 23:42:29 [scrapy.core.engine] DEBUG: Crawled (200) <GET https://otoparts.ge/dzaris-natsilebi/jeep/> (referer: https://otoparts.ge/dzaris-natsilebi/)
2024-10-10 23:42:31 [scrapy.core.engine] DEBUG: Crawled (200) <GET https://otoparts.ge/dzaris-natsilebi/volkswagen-2-2/> (referer: https://otoparts.ge/dzaris-natsilebi/)
2024-10-10 23:42:32 [scrapy.core.engine] DEBUG: Crawled (200) <GET https://otoparts.ge/dzaris-natsilebi/tesla-2/> (referer: https://otoparts.ge/dzaris-natsilebi/)
2024-10-10 23:42:34 [scrapy.core.engine] DEBUG: Crawled (200) <GET https://otoparts.ge/dzaris-natsilebi/toyota-5/> (referer: https://otoparts.ge/dzaris-natsilebi/)
2024-10-10 23:42:34 [scrapy.core.engine] DEBUG: Crawled (200) <GET https://otoparts.ge/dzaris-natsilebi/subaru/> (referer: https://otoparts.ge/dzaris-natsilebi/)
2024-10-10 23:42:35 [scrapy.core.engine] DEBUG: Crawled (200) <GET https://otoparts.ge/dzaris-natsilebi/nissan-2-2/> (referer: https://otoparts.ge/dzaris-natsilebi/)
2024-10-10 23:42:36 [scrapy.core.engine] DEBUG: Crawled (200) <GET https://otoparts.ge/dzaris-natsilebi/mitsubishi-3/> (referer: https://otoparts.ge/dzaris-natsilebi/)
2024-10-10 23:42:37 [scrapy.core.engine] DEBUG: Crawled (200) <GET https://otoparts.ge/dzaris-natsilebi/mercedes-benz-3/> (referer: https://otoparts.ge/dzaris-natsilebi/)
2024-10-10 23:42:37 [scrapy.core.engine] DEBUG: Crawled (200) <GET https://otoparts.ge/dzaris-natsilebi/mazda-4/> (referer: https://otoparts.ge/dzaris-natsilebi/)
2024-10-10 23:42:37 [scrapy.core.engine] DEBUG: Crawled (200) <GET https://otoparts.ge/dzaris-natsilebi/lexus-2-2/> (referer: https://otoparts.ge/dzaris-natsilebi/)
2024-10-10 23:42:38 [scrapy.core.engine] DEBUG: Crawled (200) <GET https://otoparts.ge/dzaris-natsilebi/kia-3-2/> (referer: https://otoparts.ge/dzaris-natsilebi/)
2024-10-10 23:42:40 [scrapy.core.engine] DEBUG: Crawled (200) <GET https://otoparts.ge/dzaris-natsilebi/hyundai-2-2/> (referer: https://otoparts.ge/dzaris-natsilebi/)
2024-10-10 23:42:40 [scrapy.core.engine] DEBUG: Crawled (200) <GET https://otoparts.ge/dzaris-natsilebi/honda-2-2/> (referer: https://otoparts.ge/dzaris-natsilebi/)
2024-10-10 23:42:40 [scrapy.core.engine] DEBUG: Crawled (200) <GET https://otoparts.ge/dzaris-natsilebi/fiat/> (referer: https://otoparts.ge/dzaris-natsilebi/)
2024-10-10 23:42:41 [scrapy.core.engine] DEBUG: Crawled (200) <GET https://otoparts.ge/dzaris-natsilebi/ford-3-2/> (referer: https://otoparts.ge/dzaris-natsilebi/)
2024-10-10 23:42:42 [scrapy.core.engine] DEBUG: Crawled (200) <GET https://otoparts.ge/dzaris-natsilebi/chevrolet-4/> (referer: https://otoparts.ge/dzaris-natsilebi/)
2024-10-10 23:42:43 [scrapy.core.engine] DEBUG: Crawled (200) <GET https://otoparts.ge/dzaris-natsilebi/bmw-2-2/> (referer: https://otoparts.ge/dzaris-natsilebi/)
2024-10-10 23:42:43 [scrapy.core.engine] DEBUG: Crawled (200) <GET https://otoparts.ge/product-category/jeep/renegade-2015-2022/> (referer: https://otoparts.ge/dzaris-natsilebi/jeep/)
2024-10-10 23:42:45 [scrapy.core.engine] DEBUG: Crawled (200) <GET https://otoparts.ge/product-category/volkswagen/passat-cc-2011-on/> (referer: https://otoparts.ge/dzaris-natsilebi/volkswagen-2-2/)
2024-10-10 23:42:45 [scrapy.core.engine] DEBUG: Crawled (200) <GET https://otoparts.ge/product-category/tesla/model-3/> (referer: https://otoparts.ge/dzaris-natsilebi/tesla-2/)
2024-10-10 23:42:47 [scrapy.core.engine] DEBUG: Crawled (200) <GET https://otoparts.ge/product-category/toyota/rav-4-2019-2020/> (referer: https://otoparts.ge/dzaris-natsilebi/toyota-5/)
2024-10-10 23:42:47 [scrapy.core.engine] DEBUG: Crawled (200) <GET https://otoparts.ge/product-category/subaru/xv/> (referer: https://otoparts.ge/dzaris-natsilebi/subaru/)
2024-10-10 23:42:47 [scrapy.core.engine] DEBUG: Crawled (200) <GET https://otoparts.ge/product-category/nissan/nissan-rogue-2017-2020/> (referer: https://otoparts.ge/dzaris-natsilebi/nissan-2-2/)
2024-10-10 23:42:48 [scrapy.core.engine] DEBUG: Crawled (200) <GET https://otoparts.ge/product-category/mitsubishi/outlander-2019-on/> (referer: https://otoparts.ge/dzaris-natsilebi/mitsubishi-3/)
2024-10-10 23:42:48 [scrapy.core.engine] DEBUG: Crawled (200) <GET https://otoparts.ge/product-category/mercedes-benz/gle-w167-2020-on/> (referer: https://otoparts.ge/dzaris-natsilebi/mercedes-benz-3/)
2024-10-10 23:42:49 [scrapy.core.engine] DEBUG: Crawled (200) <GET https://otoparts.ge/product-category/mazda/mazda-cx5-2022-on/> (referer: https://otoparts.ge/dzaris-natsilebi/mazda-4/)
2024-10-10 23:42:50 [scrapy.core.engine] DEBUG: Crawled (200) <GET https://otoparts.ge/product-category/lexus/hs-2012-on/> (referer: https://otoparts.ge/dzaris-natsilebi/lexus-2-2/)
2024-10-10 23:42:51 [scrapy.core.engine] DEBUG: Crawled (200) <GET https://otoparts.ge/product-category/kia/soul-2008-2014/> (referer: https://otoparts.ge/dzaris-natsilebi/kia-3-2/)
2024-10-10 23:42:52 [scrapy.core.engine] DEBUG: Crawled (200) <GET https://otoparts.ge/product-category/hyundai/kona-2018-2021/> (referer: https://otoparts.ge/dzaris-natsilebi/hyundai-2-2/)
2024-10-10 23:42:53 [scrapy.core.engine] DEBUG: Crawled (200) <GET https://otoparts.ge/product-category/honda/fit-2014-on/> (referer: https://otoparts.ge/dzaris-natsilebi/honda-2-2/)
2024-10-10 23:42:53 [scrapy.core.engine] DEBUG: Crawled (200) <GET https://otoparts.ge/product-category/fiat/500-2007-2014/> (referer: https://otoparts.ge/dzaris-natsilebi/fiat/)
2024-10-10 23:42:53 [scrapy.core.engine] DEBUG: Crawled (200) <GET https://otoparts.ge/product-category/ford/escape-2017/> (referer: https://otoparts.ge/dzaris-natsilebi/ford-3-2/)
2024-10-10 23:42:55 [scrapy.core.engine] DEBUG: Crawled (200) <GET https://otoparts.ge/product-category/chevrolet/malibu-2019/> (referer: https://otoparts.ge/dzaris-natsilebi/chevrolet-4/)
2024-10-10 23:42:56 [scrapy.core.engine] DEBUG: Crawled (200) <GET https://otoparts.ge/product-category/chevrolet/malibu-2015-on/> (referer: https://otoparts.ge/dzaris-natsilebi/chevrolet-4/)
2024-10-10 23:42:56 [scrapy.dupefilters] DEBUG: Filtered duplicate request: <GET https://otoparts.ge/product/%e1%83%99%e1%83%90%e1%83%9e%e1%83%9d%e1%83%a2%e1%83%98-38/> - no more duplicates will be shown (see DUPEFILTER_DEBUG to show all duplicates)
2024-10-10 23:42:58 [scrapy.core.engine] DEBUG: Crawled (200) <GET https://otoparts.ge/product/sy-jp06-02-r/> (referer: https://otoparts.ge/product-category/jeep/renegade-2015-2022/)
2024-10-10 23:42:58 [scrapy.core.scraper] ERROR: Error processing {'car_mark': 'JEEP',
 'car_model': 'RENEGADE',
 'end_year': 2015,
 'in_stock': True,
 'part_full_name': 'კარები უკანა  მარჯვენა',
 'part_url': 'https://otoparts.ge/product/sy-jp06-02-r/',
 'price': 750.0,
 'start_year': '2015-2022',
 'website': 'https://otoparts.ge/',
 'year': 2022}
Traceback (most recent call last):
  File "C:\Users\georg\anaconda3\envs\nawilebi_scrape\Lib\site-packages\mysql\connector\connection_cext.py", line 705, in cmd_query
    self._cmysql.query(
_mysql_connector.MySQLInterfaceError: Data truncated for column 'start_year' at row 1

The above exception was the direct cause of the following exception:

Traceback (most recent call last):
  File "C:\Users\georg\anaconda3\envs\nawilebi_scrape\Lib\site-packages\twisted\internet\defer.py", line 1074, in _runCallbacks
    current.result = callback(  # type: ignore[misc]
  File "C:\Users\georg\anaconda3\envs\nawilebi_scrape\Lib\site-packages\scrapy\utils\defer.py", line 340, in f
    return deferred_from_coro(coro_f(*coro_args, **coro_kwargs))
  File "D:\Projects\nawilebi_scrape\nawilebi\nawilebi\pipelines.py", line 222, in process_item
    self.cur.execute('''
  File "C:\Users\georg\anaconda3\envs\nawilebi_scrape\Lib\site-packages\mysql\connector\cursor_cext.py", line 357, in execute
    result = self._connection.cmd_query(
  File "C:\Users\georg\anaconda3\envs\nawilebi_scrape\Lib\site-packages\mysql\connector\opentelemetry\context_propagation.py", line 97, in wrapper
    return method(cnx, *args, **kwargs)
  File "C:\Users\georg\anaconda3\envs\nawilebi_scrape\Lib\site-packages\mysql\connector\connection_cext.py", line 713, in cmd_query
    raise get_mysql_exception(
mysql.connector.errors.DatabaseError: 1265 (01000): Data truncated for column 'start_year' at row 1
2024-10-10 23:42:58 [scrapy.core.engine] DEBUG: Crawled (200) <GET https://otoparts.ge/product/%e1%83%99%e1%83%90%e1%83%a0%e1%83%94%e1%83%91%e1%83%98-4/> (referer: https://otoparts.ge/product-category/volkswagen/passat-cc-2011-on/)
2024-10-10 23:42:58 [scrapy.core.scraper] ERROR: Error processing {'car_mark': 'VOLKSWAGEN',
 'car_model': 'PASSAT CC',
 'end_year': 2008,
 'in_stock': True,
 'part_full_name': 'უკანა კარები  მარცხენა',
 'part_url': 'https://otoparts.ge/product/%e1%83%99%e1%83%90%e1%83%a0%e1%83%94%e1%83%91%e1%83%98-4/',
 'price': 100.0,
 'start_year': '2008-2011',
 'website': 'https://otoparts.ge/',
 'year': 2011}
Traceback (most recent call last):
  File "C:\Users\georg\anaconda3\envs\nawilebi_scrape\Lib\site-packages\mysql\connector\connection_cext.py", line 705, in cmd_query
    self._cmysql.query(
_mysql_connector.MySQLInterfaceError: Data truncated for column 'start_year' at row 1

The above exception was the direct cause of the following exception:

Traceback (most recent call last):
  File "C:\Users\georg\anaconda3\envs\nawilebi_scrape\Lib\site-packages\twisted\internet\defer.py", line 1074, in _runCallbacks
    current.result = callback(  # type: ignore[misc]
  File "C:\Users\georg\anaconda3\envs\nawilebi_scrape\Lib\site-packages\scrapy\utils\defer.py", line 340, in f
    return deferred_from_coro(coro_f(*coro_args, **coro_kwargs))
  File "D:\Projects\nawilebi_scrape\nawilebi\nawilebi\pipelines.py", line 222, in process_item
    self.cur.execute('''
  File "C:\Users\georg\anaconda3\envs\nawilebi_scrape\Lib\site-packages\mysql\connector\cursor_cext.py", line 357, in execute
    result = self._connection.cmd_query(
  File "C:\Users\georg\anaconda3\envs\nawilebi_scrape\Lib\site-packages\mysql\connector\opentelemetry\context_propagation.py", line 97, in wrapper
    return method(cnx, *args, **kwargs)
  File "C:\Users\georg\anaconda3\envs\nawilebi_scrape\Lib\site-packages\mysql\connector\connection_cext.py", line 713, in cmd_query
    raise get_mysql_exception(
mysql.connector.errors.DatabaseError: 1265 (01000): Data truncated for column 'start_year' at row 1
2024-10-10 23:43:00 [scrapy.core.engine] DEBUG: Crawled (200) <GET https://otoparts.ge/product/10410/> (referer: https://otoparts.ge/product-category/toyota/rav-4-2019-2020/)
2024-10-10 23:43:00 [scrapy.core.engine] DEBUG: Crawled (200) <GET https://otoparts.ge/product/ld-md3-079/> (referer: https://otoparts.ge/product-category/tesla/model-3/)
2024-10-10 23:43:00 [scrapy.core.scraper] ERROR: Error processing {'car_mark': 'TOYOTA',
 'car_model': 'RAV 4',
 'end_year': 2019,
 'in_stock': False,
 'part_full_name': 'საბარგული',
 'part_url': 'https://otoparts.ge/product/10410/',
 'price': 575.0,
 'start_year': '2019-2020',
 'website': 'https://otoparts.ge/',
 'year': 2020}
Traceback (most recent call last):
  File "C:\Users\georg\anaconda3\envs\nawilebi_scrape\Lib\site-packages\mysql\connector\connection_cext.py", line 705, in cmd_query
    self._cmysql.query(
_mysql_connector.MySQLInterfaceError: Data truncated for column 'start_year' at row 1

The above exception was the direct cause of the following exception:

Traceback (most recent call last):
  File "C:\Users\georg\anaconda3\envs\nawilebi_scrape\Lib\site-packages\twisted\internet\defer.py", line 1074, in _runCallbacks
    current.result = callback(  # type: ignore[misc]
  File "C:\Users\georg\anaconda3\envs\nawilebi_scrape\Lib\site-packages\scrapy\utils\defer.py", line 340, in f
    return deferred_from_coro(coro_f(*coro_args, **coro_kwargs))
  File "D:\Projects\nawilebi_scrape\nawilebi\nawilebi\pipelines.py", line 222, in process_item
    self.cur.execute('''
  File "C:\Users\georg\anaconda3\envs\nawilebi_scrape\Lib\site-packages\mysql\connector\cursor_cext.py", line 357, in execute
    result = self._connection.cmd_query(
  File "C:\Users\georg\anaconda3\envs\nawilebi_scrape\Lib\site-packages\mysql\connector\opentelemetry\context_propagation.py", line 97, in wrapper
    return method(cnx, *args, **kwargs)
  File "C:\Users\georg\anaconda3\envs\nawilebi_scrape\Lib\site-packages\mysql\connector\connection_cext.py", line 713, in cmd_query
    raise get_mysql_exception(
mysql.connector.errors.DatabaseError: 1265 (01000): Data truncated for column 'start_year' at row 1
2024-10-10 23:43:00 [scrapy.core.scraper] DEBUG: Scraped from <200 https://otoparts.ge/product/ld-md3-079/>
{'car_mark': 'TESLA',
 'car_model': 'MODEL 3',
 'end_year': None,
 'in_stock': True,
 'part_full_name': 'კაპოტი (რკინა)',
 'part_url': 'https://otoparts.ge/product/ld-md3-079/',
 'price': 370.0,
 'start_year': None,
 'website': 'https://otoparts.ge/',
 'year': None}
2024-10-10 23:43:00 [scrapy.core.engine] DEBUG: Crawled (200) <GET https://otoparts.ge/product/%e1%83%ac%e1%83%98%e1%83%9c%e1%83%90-%e1%83%a1%e1%83%90%e1%83%91%e1%83%a3%e1%83%a5%e1%83%a1%e1%83%98%e1%83%a0%e1%83%98%e1%83%a1-%e1%83%ae%e1%83%a3%e1%83%a4%e1%83%98-taiwan-gordon/> (referer: https://otoparts.ge/product-category/subaru/xv/)
2024-10-10 23:43:00 [scrapy.core.scraper] ERROR: Error processing {'car_mark': 'Subaru',
 'car_model': 'XV',
 'end_year': 2012,
 'in_stock': False,
 'part_full_name': 'წინა საბუქსირის ხუფი (Taiwan Gordon)',
 'part_url': 'https://otoparts.ge/product/%e1%83%ac%e1%83%98%e1%83%9c%e1%83%90-%e1%83%a1%e1%83%90%e1%83%91%e1%83%a3%e1%83%a5%e1%83%a1%e1%83%98%e1%83%a0%e1%83%98%e1%83%a1-%e1%83%ae%e1%83%a3%e1%83%a4%e1%83%98-taiwan-gordon/',
 'price': 22.0,
 'start_year': '2012-2015',
 'website': 'https://otoparts.ge/',
 'year': 2015}
Traceback (most recent call last):
  File "C:\Users\georg\anaconda3\envs\nawilebi_scrape\Lib\site-packages\mysql\connector\connection_cext.py", line 705, in cmd_query
    self._cmysql.query(
_mysql_connector.MySQLInterfaceError: Data truncated for column 'start_year' at row 1

The above exception was the direct cause of the following exception:

Traceback (most recent call last):
  File "C:\Users\georg\anaconda3\envs\nawilebi_scrape\Lib\site-packages\twisted\internet\defer.py", line 1074, in _runCallbacks
    current.result = callback(  # type: ignore[misc]
  File "C:\Users\georg\anaconda3\envs\nawilebi_scrape\Lib\site-packages\scrapy\utils\defer.py", line 340, in f
    return deferred_from_coro(coro_f(*coro_args, **coro_kwargs))
  File "D:\Projects\nawilebi_scrape\nawilebi\nawilebi\pipelines.py", line 222, in process_item
    self.cur.execute('''
  File "C:\Users\georg\anaconda3\envs\nawilebi_scrape\Lib\site-packages\mysql\connector\cursor_cext.py", line 357, in execute
    result = self._connection.cmd_query(
  File "C:\Users\georg\anaconda3\envs\nawilebi_scrape\Lib\site-packages\mysql\connector\opentelemetry\context_propagation.py", line 97, in wrapper
    return method(cnx, *args, **kwargs)
  File "C:\Users\georg\anaconda3\envs\nawilebi_scrape\Lib\site-packages\mysql\connector\connection_cext.py", line 713, in cmd_query
    raise get_mysql_exception(
mysql.connector.errors.DatabaseError: 1265 (01000): Data truncated for column 'start_year' at row 1
2024-10-10 23:43:01 [scrapy.core.engine] DEBUG: Crawled (200) <GET https://otoparts.ge/product/%e1%83%a3%e1%83%99%e1%83%90%e1%83%9c%e1%83%90-%e1%83%a8%e1%83%98%e1%83%93%e1%83%90-%e1%83%9b%e1%83%90%e1%83%a8%e1%83%a3%e1%83%a5%e1%83%98-%e1%83%9b%e1%83%90%e1%83%a0%e1%83%af%e1%83%95%e1%83%94-14/> (referer: https://otoparts.ge/product-category/nissan/nissan-rogue-2017-2020/)
2024-10-10 23:43:01 [scrapy.core.scraper] ERROR: Error processing {'car_mark': 'NISSAN',
 'car_model': 'ROGUE',
 'end_year': 2017,
 'in_stock': True,
 'part_full_name': 'უკანა შიდა მაშუქი  მარჯვენა',
 'part_url': 'https://otoparts.ge/product/%e1%83%a3%e1%83%99%e1%83%90%e1%83%9c%e1%83%90-%e1%83%a8%e1%83%98%e1%83%93%e1%83%90-%e1%83%9b%e1%83%90%e1%83%a8%e1%83%a3%e1%83%a5%e1%83%98-%e1%83%9b%e1%83%90%e1%83%a0%e1%83%af%e1%83%95%e1%83%94-14/',
 'price': 90.0,
 'start_year': '2017-2020',
 'website': 'https://otoparts.ge/',
 'year': 2020}
Traceback (most recent call last):
  File "C:\Users\georg\anaconda3\envs\nawilebi_scrape\Lib\site-packages\mysql\connector\connection_cext.py", line 705, in cmd_query
    self._cmysql.query(
_mysql_connector.MySQLInterfaceError: Data truncated for column 'start_year' at row 1

The above exception was the direct cause of the following exception:

Traceback (most recent call last):
  File "C:\Users\georg\anaconda3\envs\nawilebi_scrape\Lib\site-packages\twisted\internet\defer.py", line 1074, in _runCallbacks
    current.result = callback(  # type: ignore[misc]
  File "C:\Users\georg\anaconda3\envs\nawilebi_scrape\Lib\site-packages\scrapy\utils\defer.py", line 340, in f
    return deferred_from_coro(coro_f(*coro_args, **coro_kwargs))
  File "D:\Projects\nawilebi_scrape\nawilebi\nawilebi\pipelines.py", line 222, in process_item
    self.cur.execute('''
  File "C:\Users\georg\anaconda3\envs\nawilebi_scrape\Lib\site-packages\mysql\connector\cursor_cext.py", line 357, in execute
    result = self._connection.cmd_query(
  File "C:\Users\georg\anaconda3\envs\nawilebi_scrape\Lib\site-packages\mysql\connector\opentelemetry\context_propagation.py", line 97, in wrapper
    return method(cnx, *args, **kwargs)
  File "C:\Users\georg\anaconda3\envs\nawilebi_scrape\Lib\site-packages\mysql\connector\connection_cext.py", line 713, in cmd_query
    raise get_mysql_exception(
mysql.connector.errors.DatabaseError: 1265 (01000): Data truncated for column 'start_year' at row 1
2024-10-10 23:43:02 [scrapy.core.engine] DEBUG: Crawled (200) <GET https://otoparts.ge/product/%e1%83%9c%e1%83%98%e1%83%a1%e1%83%9a%e1%83%a1%e1%83%90%e1%83%ac%e1%83%98%e1%83%9c%e1%83%90%e1%83%90%e1%83%a6%e1%83%9b%e1%83%93%e1%83%94%e1%83%92%e1%83%9d-%e1%83%a4%e1%83%90%e1%83%a0%e1%83%98-263/> (referer: https://otoparts.ge/product-category/mitsubishi/outlander-2019-on/)
2024-10-10 23:43:02 [scrapy.core.scraper] ERROR: Error processing {'car_mark': 'MITSUBISHI',
 'car_model': 'OUTLANDER \u200b',
 'end_year': 2019,
 'in_stock': True,
 'part_full_name': 'ნისლსაწინააღმდეგო ფარის ჩარჩო  მარჯვენა',
 'part_url': 'https://otoparts.ge/product/%e1%83%9c%e1%83%98%e1%83%a1%e1%83%9a%e1%83%a1%e1%83%90%e1%83%ac%e1%83%98%e1%83%9c%e1%83%90%e1%83%90%e1%83%a6%e1%83%9b%e1%83%93%e1%83%94%e1%83%92%e1%83%9d-%e1%83%a4%e1%83%90%e1%83%a0%e1%83%98-263/',
 'price': 25.0,
 'start_year': '2019-2024',
 'website': 'https://otoparts.ge/',
 'year': 2024}
Traceback (most recent call last):
  File "C:\Users\georg\anaconda3\envs\nawilebi_scrape\Lib\site-packages\mysql\connector\connection_cext.py", line 705, in cmd_query
    self._cmysql.query(
_mysql_connector.MySQLInterfaceError: Data truncated for column 'start_year' at row 1

The above exception was the direct cause of the following exception:

Traceback (most recent call last):
  File "C:\Users\georg\anaconda3\envs\nawilebi_scrape\Lib\site-packages\twisted\internet\defer.py", line 1074, in _runCallbacks
    current.result = callback(  # type: ignore[misc]
  File "C:\Users\georg\anaconda3\envs\nawilebi_scrape\Lib\site-packages\scrapy\utils\defer.py", line 340, in f
    return deferred_from_coro(coro_f(*coro_args, **coro_kwargs))
  File "D:\Projects\nawilebi_scrape\nawilebi\nawilebi\pipelines.py", line 222, in process_item
    self.cur.execute('''
  File "C:\Users\georg\anaconda3\envs\nawilebi_scrape\Lib\site-packages\mysql\connector\cursor_cext.py", line 357, in execute
    result = self._connection.cmd_query(
  File "C:\Users\georg\anaconda3\envs\nawilebi_scrape\Lib\site-packages\mysql\connector\opentelemetry\context_propagation.py", line 97, in wrapper
    return method(cnx, *args, **kwargs)
  File "C:\Users\georg\anaconda3\envs\nawilebi_scrape\Lib\site-packages\mysql\connector\connection_cext.py", line 713, in cmd_query
    raise get_mysql_exception(
mysql.connector.errors.DatabaseError: 1265 (01000): Data truncated for column 'start_year' at row 1
2024-10-10 23:43:03 [scrapy.core.engine] DEBUG: Crawled (200) <GET https://otoparts.ge/product/w167000001-r/> (referer: https://otoparts.ge/product-category/mercedes-benz/gle-w167-2020-on/)
2024-10-10 23:43:03 [scrapy.core.scraper] ERROR: Error processing {'car_mark': 'MERCEDES-BENZ',
 'car_model': 'GLE W167',
 'end_year': 2020,
 'in_stock': True,
 'part_full_name': 'ფრთა  მარჯვენა',
 'part_url': 'https://otoparts.ge/product/w167000001-r/',
 'price': 400.0,
 'start_year': '2020-2024',
 'website': 'https://otoparts.ge/',
 'year': 2024}
Traceback (most recent call last):
  File "C:\Users\georg\anaconda3\envs\nawilebi_scrape\Lib\site-packages\mysql\connector\connection_cext.py", line 705, in cmd_query
    self._cmysql.query(
_mysql_connector.MySQLInterfaceError: Data truncated for column 'start_year' at row 1

The above exception was the direct cause of the following exception:

Traceback (most recent call last):
  File "C:\Users\georg\anaconda3\envs\nawilebi_scrape\Lib\site-packages\twisted\internet\defer.py", line 1074, in _runCallbacks
    current.result = callback(  # type: ignore[misc]
  File "C:\Users\georg\anaconda3\envs\nawilebi_scrape\Lib\site-packages\scrapy\utils\defer.py", line 340, in f
    return deferred_from_coro(coro_f(*coro_args, **coro_kwargs))
  File "D:\Projects\nawilebi_scrape\nawilebi\nawilebi\pipelines.py", line 222, in process_item
    self.cur.execute('''
  File "C:\Users\georg\anaconda3\envs\nawilebi_scrape\Lib\site-packages\mysql\connector\cursor_cext.py", line 357, in execute
    result = self._connection.cmd_query(
  File "C:\Users\georg\anaconda3\envs\nawilebi_scrape\Lib\site-packages\mysql\connector\opentelemetry\context_propagation.py", line 97, in wrapper
    return method(cnx, *args, **kwargs)
  File "C:\Users\georg\anaconda3\envs\nawilebi_scrape\Lib\site-packages\mysql\connector\connection_cext.py", line 713, in cmd_query
    raise get_mysql_exception(
mysql.connector.errors.DatabaseError: 1265 (01000): Data truncated for column 'start_year' at row 1
2024-10-10 23:43:07 [scrapy.core.engine] DEBUG: Crawled (200) <GET https://otoparts.ge/product/hrd-22cx5-011/> (referer: https://otoparts.ge/product-category/mazda/mazda-cx5-2022-on/)
2024-10-10 23:43:07 [scrapy.core.engine] DEBUG: Crawled (200) <GET https://otoparts.ge/product/%e1%83%a4%e1%83%a0%e1%83%97%e1%83%90-%e1%83%9b%e1%83%90%e1%83%a0%e1%83%af%e1%83%95%e1%83%94%e1%83%9c%e1%83%90-7/> (referer: https://otoparts.ge/product-category/lexus/hs-2012-on/)
2024-10-10 23:43:07 [scrapy.core.scraper] ERROR: Error processing {'car_mark': 'MAZDA',
 'car_model': 'CX5',
 'end_year': 2022,
 'in_stock': True,
 'part_full_name': 'უკანა ბამპერის საბუქსირე ხუფი',
 'part_url': 'https://otoparts.ge/product/hrd-22cx5-011/',
 'price': 12.0,
 'start_year': '2022-2024',
 'website': 'https://otoparts.ge/',
 'year': 2024}
Traceback (most recent call last):
  File "C:\Users\georg\anaconda3\envs\nawilebi_scrape\Lib\site-packages\mysql\connector\connection_cext.py", line 705, in cmd_query
    self._cmysql.query(
_mysql_connector.MySQLInterfaceError: Data truncated for column 'start_year' at row 1

The above exception was the direct cause of the following exception:

Traceback (most recent call last):
  File "C:\Users\georg\anaconda3\envs\nawilebi_scrape\Lib\site-packages\twisted\internet\defer.py", line 1074, in _runCallbacks
    current.result = callback(  # type: ignore[misc]
  File "C:\Users\georg\anaconda3\envs\nawilebi_scrape\Lib\site-packages\scrapy\utils\defer.py", line 340, in f
    return deferred_from_coro(coro_f(*coro_args, **coro_kwargs))
  File "D:\Projects\nawilebi_scrape\nawilebi\nawilebi\pipelines.py", line 222, in process_item
    self.cur.execute('''
  File "C:\Users\georg\anaconda3\envs\nawilebi_scrape\Lib\site-packages\mysql\connector\cursor_cext.py", line 357, in execute
    result = self._connection.cmd_query(
  File "C:\Users\georg\anaconda3\envs\nawilebi_scrape\Lib\site-packages\mysql\connector\opentelemetry\context_propagation.py", line 97, in wrapper
    return method(cnx, *args, **kwargs)
  File "C:\Users\georg\anaconda3\envs\nawilebi_scrape\Lib\site-packages\mysql\connector\connection_cext.py", line 713, in cmd_query
    raise get_mysql_exception(
mysql.connector.errors.DatabaseError: 1265 (01000): Data truncated for column 'start_year' at row 1
2024-10-10 23:43:07 [scrapy.core.scraper] ERROR: Error processing {'car_mark': 'LEXUS',
 'car_model': 'HS',
 'end_year': 2012,
 'in_stock': True,
 'part_full_name': 'ფრთა  მარჯვენა',
 'part_url': 'https://otoparts.ge/product/%e1%83%a4%e1%83%a0%e1%83%97%e1%83%90-%e1%83%9b%e1%83%90%e1%83%a0%e1%83%af%e1%83%95%e1%83%94%e1%83%9c%e1%83%90-7/',
 'price': 750.0,
 'start_year': '2012-2024',
 'website': 'https://otoparts.ge/',
 'year': 2024}
Traceback (most recent call last):
  File "C:\Users\georg\anaconda3\envs\nawilebi_scrape\Lib\site-packages\mysql\connector\connection_cext.py", line 705, in cmd_query
    self._cmysql.query(
_mysql_connector.MySQLInterfaceError: Data truncated for column 'start_year' at row 1

The above exception was the direct cause of the following exception:

Traceback (most recent call last):
  File "C:\Users\georg\anaconda3\envs\nawilebi_scrape\Lib\site-packages\twisted\internet\defer.py", line 1074, in _runCallbacks
    current.result = callback(  # type: ignore[misc]
  File "C:\Users\georg\anaconda3\envs\nawilebi_scrape\Lib\site-packages\scrapy\utils\defer.py", line 340, in f
    return deferred_from_coro(coro_f(*coro_args, **coro_kwargs))
  File "D:\Projects\nawilebi_scrape\nawilebi\nawilebi\pipelines.py", line 222, in process_item
    self.cur.execute('''
  File "C:\Users\georg\anaconda3\envs\nawilebi_scrape\Lib\site-packages\mysql\connector\cursor_cext.py", line 357, in execute
    result = self._connection.cmd_query(
  File "C:\Users\georg\anaconda3\envs\nawilebi_scrape\Lib\site-packages\mysql\connector\opentelemetry\context_propagation.py", line 97, in wrapper
    return method(cnx, *args, **kwargs)
  File "C:\Users\georg\anaconda3\envs\nawilebi_scrape\Lib\site-packages\mysql\connector\connection_cext.py", line 713, in cmd_query
    raise get_mysql_exception(
mysql.connector.errors.DatabaseError: 1265 (01000): Data truncated for column 'start_year' at row 1
2024-10-10 23:43:09 [scrapy.core.engine] DEBUG: Crawled (200) <GET https://otoparts.ge/product/%e1%83%a3%e1%83%99%e1%83%90%e1%83%9c%e1%83%90-%e1%83%91%e1%83%90%e1%83%9b%e1%83%9e%e1%83%94%e1%83%a0%e1%83%98-%e1%83%93%e1%83%90%e1%83%92%e1%83%a0%e1%83%a3%e1%83%9c%e1%83%a2%e1%83%a3%e1%83%9a-2/> (referer: https://otoparts.ge/product-category/kia/soul-2008-2014/)
2024-10-10 23:43:09 [scrapy.core.scraper] ERROR: Error processing {'car_mark': 'KIA',
 'car_model': 'SOUL',
 'end_year': 2008,
 'in_stock': True,
 'part_full_name': 'უკანა ბამპერი (დაგრუნტული TAIWAN)',
 'part_url': 'https://otoparts.ge/product/%e1%83%a3%e1%83%99%e1%83%90%e1%83%9c%e1%83%90-%e1%83%91%e1%83%90%e1%83%9b%e1%83%9e%e1%83%94%e1%83%a0%e1%83%98-%e1%83%93%e1%83%90%e1%83%92%e1%83%a0%e1%83%a3%e1%83%9c%e1%83%a2%e1%83%a3%e1%83%9a-2/',
 'price': 250.0,
 'start_year': '2008-2014',
 'website': 'https://otoparts.ge/',
 'year': 2014}
Traceback (most recent call last):
  File "C:\Users\georg\anaconda3\envs\nawilebi_scrape\Lib\site-packages\mysql\connector\connection_cext.py", line 705, in cmd_query
    self._cmysql.query(
_mysql_connector.MySQLInterfaceError: Data truncated for column 'start_year' at row 1

The above exception was the direct cause of the following exception:

Traceback (most recent call last):
  File "C:\Users\georg\anaconda3\envs\nawilebi_scrape\Lib\site-packages\twisted\internet\defer.py", line 1074, in _runCallbacks
    current.result = callback(  # type: ignore[misc]
  File "C:\Users\georg\anaconda3\envs\nawilebi_scrape\Lib\site-packages\scrapy\utils\defer.py", line 340, in f
    return deferred_from_coro(coro_f(*coro_args, **coro_kwargs))
  File "D:\Projects\nawilebi_scrape\nawilebi\nawilebi\pipelines.py", line 222, in process_item
    self.cur.execute('''
  File "C:\Users\georg\anaconda3\envs\nawilebi_scrape\Lib\site-packages\mysql\connector\cursor_cext.py", line 357, in execute
    result = self._connection.cmd_query(
  File "C:\Users\georg\anaconda3\envs\nawilebi_scrape\Lib\site-packages\mysql\connector\opentelemetry\context_propagation.py", line 97, in wrapper
    return method(cnx, *args, **kwargs)
  File "C:\Users\georg\anaconda3\envs\nawilebi_scrape\Lib\site-packages\mysql\connector\connection_cext.py", line 713, in cmd_query
    raise get_mysql_exception(
mysql.connector.errors.DatabaseError: 1265 (01000): Data truncated for column 'start_year' at row 1
2024-10-10 23:43:11 [scrapy.core.engine] DEBUG: Crawled (200) <GET https://otoparts.ge/product/%e1%83%a3%e1%83%99%e1%83%90%e1%83%9c%e1%83%90-%e1%83%a4%e1%83%a0%e1%83%97%e1%83%98%e1%83%a1-%e1%83%9b%e1%83%9d%e1%83%9a%e1%83%93%e1%83%98%e1%83%9c%e1%83%92%e1%83%98-%e1%83%9b%e1%83%90%e1%83%a0-6/> (referer: https://otoparts.ge/product-category/hyundai/kona-2018-2021/)
2024-10-10 23:43:11 [scrapy.core.scraper] ERROR: Error processing {'car_mark': 'HYUNDAI',
 'car_model': 'KONA',
 'end_year': 2018,
 'in_stock': False,
 'part_full_name': 'უკანა ფრთის მოლდინგი  მარჯვენა',
 'part_url': 'https://otoparts.ge/product/%e1%83%a3%e1%83%99%e1%83%90%e1%83%9c%e1%83%90-%e1%83%a4%e1%83%a0%e1%83%97%e1%83%98%e1%83%a1-%e1%83%9b%e1%83%9d%e1%83%9a%e1%83%93%e1%83%98%e1%83%9c%e1%83%92%e1%83%98-%e1%83%9b%e1%83%90%e1%83%a0-6/',
 'price': 100.0,
 'start_year': '2018-2021',
 'website': 'https://otoparts.ge/',
 'year': 2021}
Traceback (most recent call last):
  File "C:\Users\georg\anaconda3\envs\nawilebi_scrape\Lib\site-packages\mysql\connector\connection_cext.py", line 705, in cmd_query
    self._cmysql.query(
_mysql_connector.MySQLInterfaceError: Data truncated for column 'start_year' at row 1

The above exception was the direct cause of the following exception:

Traceback (most recent call last):
  File "C:\Users\georg\anaconda3\envs\nawilebi_scrape\Lib\site-packages\twisted\internet\defer.py", line 1074, in _runCallbacks
    current.result = callback(  # type: ignore[misc]
  File "C:\Users\georg\anaconda3\envs\nawilebi_scrape\Lib\site-packages\scrapy\utils\defer.py", line 340, in f
    return deferred_from_coro(coro_f(*coro_args, **coro_kwargs))
  File "D:\Projects\nawilebi_scrape\nawilebi\nawilebi\pipelines.py", line 222, in process_item
    self.cur.execute('''
  File "C:\Users\georg\anaconda3\envs\nawilebi_scrape\Lib\site-packages\mysql\connector\cursor_cext.py", line 357, in execute
    result = self._connection.cmd_query(
  File "C:\Users\georg\anaconda3\envs\nawilebi_scrape\Lib\site-packages\mysql\connector\opentelemetry\context_propagation.py", line 97, in wrapper
    return method(cnx, *args, **kwargs)
  File "C:\Users\georg\anaconda3\envs\nawilebi_scrape\Lib\site-packages\mysql\connector\connection_cext.py", line 713, in cmd_query
    raise get_mysql_exception(
mysql.connector.errors.DatabaseError: 1265 (01000): Data truncated for column 'start_year' at row 1
2024-10-10 23:43:11 [scrapy.core.engine] DEBUG: Crawled (200) <GET https://otoparts.ge/product/%e1%83%a1%e1%83%90%e1%83%91%e1%83%90%e1%83%a0%e1%83%92%e1%83%a3%e1%83%9a%e1%83%98-5/> (referer: https://otoparts.ge/product-category/honda/fit-2014-on/)
2024-10-10 23:43:11 [scrapy.core.scraper] ERROR: Error processing {'car_mark': 'HONDA',
 'car_model': 'FIT',
 'end_year': 2014,
 'in_stock': False,
 'part_full_name': 'საბარგული',
 'part_url': 'https://otoparts.ge/product/%e1%83%a1%e1%83%90%e1%83%91%e1%83%90%e1%83%a0%e1%83%92%e1%83%a3%e1%83%9a%e1%83%98-5/',
 'price': 0.0,
 'start_year': '2014-2024',
 'website': 'https://otoparts.ge/',
 'year': 2024}
Traceback (most recent call last):
  File "C:\Users\georg\anaconda3\envs\nawilebi_scrape\Lib\site-packages\mysql\connector\connection_cext.py", line 705, in cmd_query
    self._cmysql.query(
_mysql_connector.MySQLInterfaceError: Data truncated for column 'start_year' at row 1

The above exception was the direct cause of the following exception:

Traceback (most recent call last):
  File "C:\Users\georg\anaconda3\envs\nawilebi_scrape\Lib\site-packages\twisted\internet\defer.py", line 1074, in _runCallbacks
    current.result = callback(  # type: ignore[misc]
  File "C:\Users\georg\anaconda3\envs\nawilebi_scrape\Lib\site-packages\scrapy\utils\defer.py", line 340, in f
    return deferred_from_coro(coro_f(*coro_args, **coro_kwargs))
  File "D:\Projects\nawilebi_scrape\nawilebi\nawilebi\pipelines.py", line 222, in process_item
    self.cur.execute('''
  File "C:\Users\georg\anaconda3\envs\nawilebi_scrape\Lib\site-packages\mysql\connector\cursor_cext.py", line 357, in execute
    result = self._connection.cmd_query(
  File "C:\Users\georg\anaconda3\envs\nawilebi_scrape\Lib\site-packages\mysql\connector\opentelemetry\context_propagation.py", line 97, in wrapper
    return method(cnx, *args, **kwargs)
  File "C:\Users\georg\anaconda3\envs\nawilebi_scrape\Lib\site-packages\mysql\connector\connection_cext.py", line 713, in cmd_query
    raise get_mysql_exception(
mysql.connector.errors.DatabaseError: 1265 (01000): Data truncated for column 'start_year' at row 1
2024-10-10 23:43:11 [scrapy.core.engine] DEBUG: Crawled (200) <GET https://otoparts.ge/product/%e1%83%a4%e1%83%a0%e1%83%97%e1%83%90-taiwan-gordon-%e1%83%9b%e1%83%90%e1%83%a0%e1%83%af%e1%83%95%e1%83%94%e1%83%9c%e1%83%90-35/> (referer: https://otoparts.ge/product-category/fiat/500-2007-2014/)
2024-10-10 23:43:12 [scrapy.core.scraper] ERROR: Error processing {'car_mark': 'Fiat',
 'car_model': '2014',
 'end_year': 500,
 'in_stock': False,
 'part_full_name': 'ფრთა (Taiwan Gordon)  მარჯვენა',
 'part_url': 'https://otoparts.ge/product/%e1%83%a4%e1%83%a0%e1%83%97%e1%83%90-taiwan-gordon-%e1%83%9b%e1%83%90%e1%83%a0%e1%83%af%e1%83%95%e1%83%94%e1%83%9c%e1%83%90-35/',
 'price': 110.0,
 'start_year': '500-2007',
 'website': 'https://otoparts.ge/',
 'year': 2007}
Traceback (most recent call last):
  File "C:\Users\georg\anaconda3\envs\nawilebi_scrape\Lib\site-packages\mysql\connector\connection_cext.py", line 705, in cmd_query
    self._cmysql.query(
_mysql_connector.MySQLInterfaceError: Data truncated for column 'start_year' at row 1

The above exception was the direct cause of the following exception:

Traceback (most recent call last):
  File "C:\Users\georg\anaconda3\envs\nawilebi_scrape\Lib\site-packages\twisted\internet\defer.py", line 1074, in _runCallbacks
    current.result = callback(  # type: ignore[misc]
  File "C:\Users\georg\anaconda3\envs\nawilebi_scrape\Lib\site-packages\scrapy\utils\defer.py", line 340, in f
    return deferred_from_coro(coro_f(*coro_args, **coro_kwargs))
  File "D:\Projects\nawilebi_scrape\nawilebi\nawilebi\pipelines.py", line 222, in process_item
    self.cur.execute('''
  File "C:\Users\georg\anaconda3\envs\nawilebi_scrape\Lib\site-packages\mysql\connector\cursor_cext.py", line 357, in execute
    result = self._connection.cmd_query(
  File "C:\Users\georg\anaconda3\envs\nawilebi_scrape\Lib\site-packages\mysql\connector\opentelemetry\context_propagation.py", line 97, in wrapper
    return method(cnx, *args, **kwargs)
  File "C:\Users\georg\anaconda3\envs\nawilebi_scrape\Lib\site-packages\mysql\connector\connection_cext.py", line 713, in cmd_query
    raise get_mysql_exception(
mysql.connector.errors.DatabaseError: 1265 (01000): Data truncated for column 'start_year' at row 1
2024-10-10 23:43:13 [scrapy.core.engine] DEBUG: Crawled (200) <GET https://otoparts.ge/product/%e1%83%a4%e1%83%a0%e1%83%97%e1%83%98%e1%83%a1-%e1%83%9c%e1%83%98%e1%83%99%e1%83%94%e1%83%9a%e1%83%98-2/> (referer: https://otoparts.ge/product-category/ford/escape-2017/)
2024-10-10 23:43:13 [scrapy.core.scraper] ERROR: Error processing {'car_mark': 'FORD',
 'car_model': 'ESCAPE',
 'end_year': 2017,
 'in_stock': True,
 'part_full_name': 'ფრთის ნიკელი  მარჯვენა',
 'part_url': 'https://otoparts.ge/product/%e1%83%a4%e1%83%a0%e1%83%97%e1%83%98%e1%83%a1-%e1%83%9c%e1%83%98%e1%83%99%e1%83%94%e1%83%9a%e1%83%98-2/',
 'price': 50.0,
 'start_year': '2017-2024',
 'website': 'https://otoparts.ge/',
 'year': 2024}
Traceback (most recent call last):
  File "C:\Users\georg\anaconda3\envs\nawilebi_scrape\Lib\site-packages\mysql\connector\connection_cext.py", line 705, in cmd_query
    self._cmysql.query(
_mysql_connector.MySQLInterfaceError: Data truncated for column 'start_year' at row 1

The above exception was the direct cause of the following exception:

Traceback (most recent call last):
  File "C:\Users\georg\anaconda3\envs\nawilebi_scrape\Lib\site-packages\twisted\internet\defer.py", line 1074, in _runCallbacks
    current.result = callback(  # type: ignore[misc]
  File "C:\Users\georg\anaconda3\envs\nawilebi_scrape\Lib\site-packages\scrapy\utils\defer.py", line 340, in f
    return deferred_from_coro(coro_f(*coro_args, **coro_kwargs))
  File "D:\Projects\nawilebi_scrape\nawilebi\nawilebi\pipelines.py", line 222, in process_item
    self.cur.execute('''
  File "C:\Users\georg\anaconda3\envs\nawilebi_scrape\Lib\site-packages\mysql\connector\cursor_cext.py", line 357, in execute
    result = self._connection.cmd_query(
  File "C:\Users\georg\anaconda3\envs\nawilebi_scrape\Lib\site-packages\mysql\connector\opentelemetry\context_propagation.py", line 97, in wrapper
    return method(cnx, *args, **kwargs)
  File "C:\Users\georg\anaconda3\envs\nawilebi_scrape\Lib\site-packages\mysql\connector\connection_cext.py", line 713, in cmd_query
    raise get_mysql_exception(
mysql.connector.errors.DatabaseError: 1265 (01000): Data truncated for column 'start_year' at row 1
2024-10-10 23:43:14 [scrapy.core.engine] DEBUG: Crawled (200) <GET https://otoparts.ge/product/g-287-r/> (referer: https://otoparts.ge/product-category/chevrolet/malibu-2019/)
2024-10-10 23:43:14 [scrapy.core.scraper] DEBUG: Scraped from <200 https://otoparts.ge/product/g-287-r/>
{'car_mark': 'CHEVROLET',
 'car_model': 'Malibu 2019',
 'end_year': None,
 'in_stock': True,
 'part_full_name': 'მაყუჩის თავი  მარჯვენა',
 'part_url': 'https://otoparts.ge/product/g-287-r/',
 'price': 350.0,
 'start_year': None,
 'website': 'https://otoparts.ge/',
 'year': None}
2024-10-10 23:43:16 [scrapy.core.engine] DEBUG: Crawled (200) <GET https://otoparts.ge/product/%e1%83%a1%e1%83%90%e1%83%91%e1%83%90%e1%83%a0%e1%83%92%e1%83%a3%e1%83%9a%e1%83%98-14/> (referer: https://otoparts.ge/product-category/chevrolet/malibu-2015-on/)
2024-10-10 23:43:16 [scrapy.core.scraper] ERROR: Error processing {'car_mark': 'CHEVROLET',
 'car_model': 'MALIBU',
 'end_year': 2015,
 'in_stock': False,
 'part_full_name': 'საბარგული',
 'part_url': 'https://otoparts.ge/product/%e1%83%a1%e1%83%90%e1%83%91%e1%83%90%e1%83%a0%e1%83%92%e1%83%a3%e1%83%9a%e1%83%98-14/',
 'price': 500.0,
 'start_year': '2015-2024',
 'website': 'https://otoparts.ge/',
 'year': 2024}
Traceback (most recent call last):
  File "C:\Users\georg\anaconda3\envs\nawilebi_scrape\Lib\site-packages\mysql\connector\connection_cext.py", line 705, in cmd_query
    self._cmysql.query(
_mysql_connector.MySQLInterfaceError: Data truncated for column 'start_year' at row 1

The above exception was the direct cause of the following exception:

Traceback (most recent call last):
  File "C:\Users\georg\anaconda3\envs\nawilebi_scrape\Lib\site-packages\twisted\internet\defer.py", line 1074, in _runCallbacks
    current.result = callback(  # type: ignore[misc]
  File "C:\Users\georg\anaconda3\envs\nawilebi_scrape\Lib\site-packages\scrapy\utils\defer.py", line 340, in f
    return deferred_from_coro(coro_f(*coro_args, **coro_kwargs))
  File "D:\Projects\nawilebi_scrape\nawilebi\nawilebi\pipelines.py", line 222, in process_item
    self.cur.execute('''
  File "C:\Users\georg\anaconda3\envs\nawilebi_scrape\Lib\site-packages\mysql\connector\cursor_cext.py", line 357, in execute
    result = self._connection.cmd_query(
  File "C:\Users\georg\anaconda3\envs\nawilebi_scrape\Lib\site-packages\mysql\connector\opentelemetry\context_propagation.py", line 97, in wrapper
    return method(cnx, *args, **kwargs)
  File "C:\Users\georg\anaconda3\envs\nawilebi_scrape\Lib\site-packages\mysql\connector\connection_cext.py", line 713, in cmd_query
    raise get_mysql_exception(
mysql.connector.errors.DatabaseError: 1265 (01000): Data truncated for column 'start_year' at row 1
2024-10-10 23:43:18 [scrapy.core.engine] DEBUG: Crawled (200) <GET https://otoparts.ge/product/%e1%83%a3%e1%83%99%e1%83%90%e1%83%9c%e1%83%90-%e1%83%92%e1%83%90%e1%83%a0%e1%83%94-%e1%83%9b%e1%83%90%e1%83%a8%e1%83%a3%e1%83%a5%e1%83%98-%e1%83%9b%e1%83%90%e1%83%a0%e1%83%af%e1%83%95%e1%83%94-3/> (referer: https://otoparts.ge/product-category/chevrolet/malibu-2015-on/)
2024-10-10 23:43:18 [scrapy.core.scraper] ERROR: Error processing {'car_mark': 'CHEVROLET',
 'car_model': 'MALIBU',
 'end_year': 2015,
 'in_stock': True,
 'part_full_name': 'უკანა გარე მაშუქი მარჯვენა',
 'part_url': 'https://otoparts.ge/product/%e1%83%a3%e1%83%99%e1%83%90%e1%83%9c%e1%83%90-%e1%83%92%e1%83%90%e1%83%a0%e1%83%94-%e1%83%9b%e1%83%90%e1%83%a8%e1%83%a3%e1%83%a5%e1%83%98-%e1%83%9b%e1%83%90%e1%83%a0%e1%83%af%e1%83%95%e1%83%94-3/',
 'price': 200.0,
 'start_year': '2015-2024',
 'website': 'https://otoparts.ge/',
 'year': 2024}
Traceback (most recent call last):
  File "C:\Users\georg\anaconda3\envs\nawilebi_scrape\Lib\site-packages\mysql\connector\connection_cext.py", line 705, in cmd_query
    self._cmysql.query(
_mysql_connector.MySQLInterfaceError: Data truncated for column 'start_year' at row 1

The above exception was the direct cause of the following exception:

Traceback (most recent call last):
  File "C:\Users\georg\anaconda3\envs\nawilebi_scrape\Lib\site-packages\twisted\internet\defer.py", line 1074, in _runCallbacks
    current.result = callback(  # type: ignore[misc]
  File "C:\Users\georg\anaconda3\envs\nawilebi_scrape\Lib\site-packages\scrapy\utils\defer.py", line 340, in f
    return deferred_from_coro(coro_f(*coro_args, **coro_kwargs))
  File "D:\Projects\nawilebi_scrape\nawilebi\nawilebi\pipelines.py", line 222, in process_item
    self.cur.execute('''
  File "C:\Users\georg\anaconda3\envs\nawilebi_scrape\Lib\site-packages\mysql\connector\cursor_cext.py", line 357, in execute
    result = self._connection.cmd_query(
  File "C:\Users\georg\anaconda3\envs\nawilebi_scrape\Lib\site-packages\mysql\connector\opentelemetry\context_propagation.py", line 97, in wrapper
    return method(cnx, *args, **kwargs)
  File "C:\Users\georg\anaconda3\envs\nawilebi_scrape\Lib\site-packages\mysql\connector\connection_cext.py", line 713, in cmd_query
    raise get_mysql_exception(
mysql.connector.errors.DatabaseError: 1265 (01000): Data truncated for column 'start_year' at row 1
2024-10-10 23:43:19 [scrapy.core.engine] DEBUG: Crawled (200) <GET https://otoparts.ge/product/%e1%83%a3%e1%83%99%e1%83%90%e1%83%9c%e1%83%90-%e1%83%92%e1%83%90%e1%83%a0%e1%83%94-%e1%83%9b%e1%83%90%e1%83%a8%e1%83%a3%e1%83%a5%e1%83%98-9/> (referer: https://otoparts.ge/product-category/chevrolet/malibu-2015-on/)
2024-10-10 23:43:19 [scrapy.core.scraper] ERROR: Error processing {'car_mark': 'CHEVROLET',
 'car_model': 'MALIBU',
 'end_year': 2015,
 'in_stock': True,
 'part_full_name': 'უკანა გარე მაშუქი  მარცხენა',
 'part_url': 'https://otoparts.ge/product/%e1%83%a3%e1%83%99%e1%83%90%e1%83%9c%e1%83%90-%e1%83%92%e1%83%90%e1%83%a0%e1%83%94-%e1%83%9b%e1%83%90%e1%83%a8%e1%83%a3%e1%83%a5%e1%83%98-9/',
 'price': 200.0,
 'start_year': '2015-2024',
 'website': 'https://otoparts.ge/',
 'year': 2024}
Traceback (most recent call last):
  File "C:\Users\georg\anaconda3\envs\nawilebi_scrape\Lib\site-packages\mysql\connector\connection_cext.py", line 705, in cmd_query
    self._cmysql.query(
_mysql_connector.MySQLInterfaceError: Data truncated for column 'start_year' at row 1

The above exception was the direct cause of the following exception:

Traceback (most recent call last):
  File "C:\Users\georg\anaconda3\envs\nawilebi_scrape\Lib\site-packages\twisted\internet\defer.py", line 1074, in _runCallbacks
    current.result = callback(  # type: ignore[misc]
  File "C:\Users\georg\anaconda3\envs\nawilebi_scrape\Lib\site-packages\scrapy\utils\defer.py", line 340, in f
    return deferred_from_coro(coro_f(*coro_args, **coro_kwargs))
  File "D:\Projects\nawilebi_scrape\nawilebi\nawilebi\pipelines.py", line 222, in process_item
    self.cur.execute('''
  File "C:\Users\georg\anaconda3\envs\nawilebi_scrape\Lib\site-packages\mysql\connector\cursor_cext.py", line 357, in execute
    result = self._connection.cmd_query(
  File "C:\Users\georg\anaconda3\envs\nawilebi_scrape\Lib\site-packages\mysql\connector\opentelemetry\context_propagation.py", line 97, in wrapper
    return method(cnx, *args, **kwargs)
  File "C:\Users\georg\anaconda3\envs\nawilebi_scrape\Lib\site-packages\mysql\connector\connection_cext.py", line 713, in cmd_query
    raise get_mysql_exception(
mysql.connector.errors.DatabaseError: 1265 (01000): Data truncated for column 'start_year' at row 1
2024-10-10 23:43:19 [scrapy.core.engine] DEBUG: Crawled (200) <GET https://otoparts.ge/product/%e1%83%a3%e1%83%99%e1%83%90%e1%83%9c%e1%83%90-%e1%83%91%e1%83%90%e1%83%9b%e1%83%9e%e1%83%94%e1%83%a0%e1%83%98%e1%83%a1-%e1%83%a8%e1%83%a3%e1%83%a5%e1%83%90%e1%83%9b%e1%83%a0%e1%83%94%e1%83%99-15/> (referer: https://otoparts.ge/product-category/chevrolet/malibu-2015-on/)
2024-10-10 23:43:19 [scrapy.core.scraper] ERROR: Error processing {'car_mark': 'CHEVROLET',
 'car_model': 'MALIBU',
 'end_year': 2015,
 'in_stock': True,
 'part_full_name': 'უკანა ბამპერის შუქამრეკლი  მარჯვენა',
 'part_url': 'https://otoparts.ge/product/%e1%83%a3%e1%83%99%e1%83%90%e1%83%9c%e1%83%90-%e1%83%91%e1%83%90%e1%83%9b%e1%83%9e%e1%83%94%e1%83%a0%e1%83%98%e1%83%a1-%e1%83%a8%e1%83%a3%e1%83%a5%e1%83%90%e1%83%9b%e1%83%a0%e1%83%94%e1%83%99-15/',
 'price': 20.0,
 'start_year': '2015-2024',
 'website': 'https://otoparts.ge/',
 'year': 2024}
Traceback (most recent call last):
  File "C:\Users\georg\anaconda3\envs\nawilebi_scrape\Lib\site-packages\mysql\connector\connection_cext.py", line 705, in cmd_query
    self._cmysql.query(
_mysql_connector.MySQLInterfaceError: Data truncated for column 'start_year' at row 1

The above exception was the direct cause of the following exception:

Traceback (most recent call last):
  File "C:\Users\georg\anaconda3\envs\nawilebi_scrape\Lib\site-packages\twisted\internet\defer.py", line 1074, in _runCallbacks
    current.result = callback(  # type: ignore[misc]
  File "C:\Users\georg\anaconda3\envs\nawilebi_scrape\Lib\site-packages\scrapy\utils\defer.py", line 340, in f
    return deferred_from_coro(coro_f(*coro_args, **coro_kwargs))
  File "D:\Projects\nawilebi_scrape\nawilebi\nawilebi\pipelines.py", line 222, in process_item
    self.cur.execute('''
  File "C:\Users\georg\anaconda3\envs\nawilebi_scrape\Lib\site-packages\mysql\connector\cursor_cext.py", line 357, in execute
    result = self._connection.cmd_query(
  File "C:\Users\georg\anaconda3\envs\nawilebi_scrape\Lib\site-packages\mysql\connector\opentelemetry\context_propagation.py", line 97, in wrapper
    return method(cnx, *args, **kwargs)
  File "C:\Users\georg\anaconda3\envs\nawilebi_scrape\Lib\site-packages\mysql\connector\connection_cext.py", line 713, in cmd_query
    raise get_mysql_exception(
mysql.connector.errors.DatabaseError: 1265 (01000): Data truncated for column 'start_year' at row 1
2024-10-10 23:43:20 [scrapy.core.engine] DEBUG: Crawled (200) <GET https://otoparts.ge/product/%e1%83%a3%e1%83%99%e1%83%90%e1%83%9c%e1%83%90-%e1%83%91%e1%83%90%e1%83%9b%e1%83%9e%e1%83%94%e1%83%a0%e1%83%98%e1%83%a1-%e1%83%a8%e1%83%a3%e1%83%a5%e1%83%90%e1%83%9b%e1%83%a0%e1%83%94%e1%83%99-3/> (referer: https://otoparts.ge/product-category/chevrolet/malibu-2015-on/)
2024-10-10 23:43:20 [scrapy.core.scraper] ERROR: Error processing {'car_mark': 'CHEVROLET',
 'car_model': 'MALIBU',
 'end_year': 2015,
 'in_stock': True,
 'part_full_name': 'უკანა ბამპერის შუქამრეკლი  მარცხენა',
 'part_url': 'https://otoparts.ge/product/%e1%83%a3%e1%83%99%e1%83%90%e1%83%9c%e1%83%90-%e1%83%91%e1%83%90%e1%83%9b%e1%83%9e%e1%83%94%e1%83%a0%e1%83%98%e1%83%a1-%e1%83%a8%e1%83%a3%e1%83%a5%e1%83%90%e1%83%9b%e1%83%a0%e1%83%94%e1%83%99-3/',
 'price': 20.0,
 'start_year': '2015-2024',
 'website': 'https://otoparts.ge/',
 'year': 2024}
Traceback (most recent call last):
  File "C:\Users\georg\anaconda3\envs\nawilebi_scrape\Lib\site-packages\mysql\connector\connection_cext.py", line 705, in cmd_query
    self._cmysql.query(
_mysql_connector.MySQLInterfaceError: Data truncated for column 'start_year' at row 1

The above exception was the direct cause of the following exception:

Traceback (most recent call last):
  File "C:\Users\georg\anaconda3\envs\nawilebi_scrape\Lib\site-packages\twisted\internet\defer.py", line 1074, in _runCallbacks
    current.result = callback(  # type: ignore[misc]
  File "C:\Users\georg\anaconda3\envs\nawilebi_scrape\Lib\site-packages\scrapy\utils\defer.py", line 340, in f
    return deferred_from_coro(coro_f(*coro_args, **coro_kwargs))
  File "D:\Projects\nawilebi_scrape\nawilebi\nawilebi\pipelines.py", line 222, in process_item
    self.cur.execute('''
  File "C:\Users\georg\anaconda3\envs\nawilebi_scrape\Lib\site-packages\mysql\connector\cursor_cext.py", line 357, in execute
    result = self._connection.cmd_query(
  File "C:\Users\georg\anaconda3\envs\nawilebi_scrape\Lib\site-packages\mysql\connector\opentelemetry\context_propagation.py", line 97, in wrapper
    return method(cnx, *args, **kwargs)
  File "C:\Users\georg\anaconda3\envs\nawilebi_scrape\Lib\site-packages\mysql\connector\connection_cext.py", line 713, in cmd_query
    raise get_mysql_exception(
mysql.connector.errors.DatabaseError: 1265 (01000): Data truncated for column 'start_year' at row 1
2024-10-10 23:43:21 [scrapy.core.engine] DEBUG: Crawled (200) <GET https://otoparts.ge/product/%e1%83%a3%e1%83%99%e1%83%90%e1%83%9c%e1%83%90-%e1%83%91%e1%83%90%e1%83%9b%e1%83%9e%e1%83%94%e1%83%a0%e1%83%98%e1%83%a1-%e1%83%93%e1%83%98%e1%83%a4%e1%83%a3%e1%83%96%e1%83%9d%e1%83%a0%e1%83%98-12/> (referer: https://otoparts.ge/product-category/chevrolet/malibu-2015-on/)
2024-10-10 23:43:21 [scrapy.core.engine] DEBUG: Crawled (200) <GET https://otoparts.ge/product/%e1%83%a3%e1%83%99%e1%83%90%e1%83%9c%e1%83%90-%e1%83%91%e1%83%90%e1%83%9b%e1%83%9e%e1%83%94%e1%83%a0%e1%83%98-43/> (referer: https://otoparts.ge/product-category/chevrolet/malibu-2015-on/)
2024-10-10 23:43:21 [scrapy.core.scraper] ERROR: Error processing {'car_mark': 'CHEVROLET',
 'car_model': 'MALIBU',
 'end_year': 2015,
 'in_stock': True,
 'part_full_name': 'უკანა ბამპერის დიფუზორი',
 'part_url': 'https://otoparts.ge/product/%e1%83%a3%e1%83%99%e1%83%90%e1%83%9c%e1%83%90-%e1%83%91%e1%83%90%e1%83%9b%e1%83%9e%e1%83%94%e1%83%a0%e1%83%98%e1%83%a1-%e1%83%93%e1%83%98%e1%83%a4%e1%83%a3%e1%83%96%e1%83%9d%e1%83%a0%e1%83%98-12/',
 'price': 200.0,
 'start_year': '2015-2024',
 'website': 'https://otoparts.ge/',
 'year': 2024}
Traceback (most recent call last):
  File "C:\Users\georg\anaconda3\envs\nawilebi_scrape\Lib\site-packages\mysql\connector\connection_cext.py", line 705, in cmd_query
    self._cmysql.query(
_mysql_connector.MySQLInterfaceError: Data truncated for column 'start_year' at row 1

The above exception was the direct cause of the following exception:

Traceback (most recent call last):
  File "C:\Users\georg\anaconda3\envs\nawilebi_scrape\Lib\site-packages\twisted\internet\defer.py", line 1074, in _runCallbacks
    current.result = callback(  # type: ignore[misc]
  File "C:\Users\georg\anaconda3\envs\nawilebi_scrape\Lib\site-packages\scrapy\utils\defer.py", line 340, in f
    return deferred_from_coro(coro_f(*coro_args, **coro_kwargs))
  File "D:\Projects\nawilebi_scrape\nawilebi\nawilebi\pipelines.py", line 222, in process_item
    self.cur.execute('''
  File "C:\Users\georg\anaconda3\envs\nawilebi_scrape\Lib\site-packages\mysql\connector\cursor_cext.py", line 357, in execute
    result = self._connection.cmd_query(
  File "C:\Users\georg\anaconda3\envs\nawilebi_scrape\Lib\site-packages\mysql\connector\opentelemetry\context_propagation.py", line 97, in wrapper
    return method(cnx, *args, **kwargs)
  File "C:\Users\georg\anaconda3\envs\nawilebi_scrape\Lib\site-packages\mysql\connector\connection_cext.py", line 713, in cmd_query
    raise get_mysql_exception(
mysql.connector.errors.DatabaseError: 1265 (01000): Data truncated for column 'start_year' at row 1
2024-10-10 23:43:21 [scrapy.core.scraper] ERROR: Error processing {'car_mark': 'CHEVROLET',
 'car_model': 'MALIBU',
 'end_year': 2015,
 'in_stock': False,
 'part_full_name': 'უკანა ბამპერი',
 'part_url': 'https://otoparts.ge/product/%e1%83%a3%e1%83%99%e1%83%90%e1%83%9c%e1%83%90-%e1%83%91%e1%83%90%e1%83%9b%e1%83%9e%e1%83%94%e1%83%a0%e1%83%98-43/',
 'price': 200.0,
 'start_year': '2015-2024',
 'website': 'https://otoparts.ge/',
 'year': 2024}
Traceback (most recent call last):
  File "C:\Users\georg\anaconda3\envs\nawilebi_scrape\Lib\site-packages\mysql\connector\connection_cext.py", line 705, in cmd_query
    self._cmysql.query(
_mysql_connector.MySQLInterfaceError: Data truncated for column 'start_year' at row 1

The above exception was the direct cause of the following exception:

Traceback (most recent call last):
  File "C:\Users\georg\anaconda3\envs\nawilebi_scrape\Lib\site-packages\twisted\internet\defer.py", line 1074, in _runCallbacks
    current.result = callback(  # type: ignore[misc]
  File "C:\Users\georg\anaconda3\envs\nawilebi_scrape\Lib\site-packages\scrapy\utils\defer.py", line 340, in f
    return deferred_from_coro(coro_f(*coro_args, **coro_kwargs))
  File "D:\Projects\nawilebi_scrape\nawilebi\nawilebi\pipelines.py", line 222, in process_item
    self.cur.execute('''
  File "C:\Users\georg\anaconda3\envs\nawilebi_scrape\Lib\site-packages\mysql\connector\cursor_cext.py", line 357, in execute
    result = self._connection.cmd_query(
  File "C:\Users\georg\anaconda3\envs\nawilebi_scrape\Lib\site-packages\mysql\connector\opentelemetry\context_propagation.py", line 97, in wrapper
    return method(cnx, *args, **kwargs)
  File "C:\Users\georg\anaconda3\envs\nawilebi_scrape\Lib\site-packages\mysql\connector\connection_cext.py", line 713, in cmd_query
    raise get_mysql_exception(
mysql.connector.errors.DatabaseError: 1265 (01000): Data truncated for column 'start_year' at row 1
2024-10-10 23:43:22 [scrapy.core.engine] DEBUG: Crawled (200) <GET https://otoparts.ge/product/%e1%83%93%e1%83%98%e1%83%a4%e1%83%a3%e1%83%96%e1%83%9d%e1%83%a0%e1%83%98-%e1%83%99%e1%83%9d%e1%83%9b%e1%83%9e%e1%83%9a%e1%83%94%e1%83%a5%e1%83%a2%e1%83%98-2/> (referer: https://otoparts.ge/product-category/chevrolet/malibu-2015-on/)
2024-10-10 23:43:22 [scrapy.core.scraper] ERROR: Error processing {'car_mark': 'CHEVROLET',
 'car_model': 'MALIBU',
 'end_year': 2015,
 'in_stock': False,
 'part_full_name': 'დიფუზორი (კომპლექტი)',
 'part_url': 'https://otoparts.ge/product/%e1%83%93%e1%83%98%e1%83%a4%e1%83%a3%e1%83%96%e1%83%9d%e1%83%a0%e1%83%98-%e1%83%99%e1%83%9d%e1%83%9b%e1%83%9e%e1%83%9a%e1%83%94%e1%83%a5%e1%83%a2%e1%83%98-2/',
 'price': 390.0,
 'start_year': '2015-2024',
 'website': 'https://otoparts.ge/',
 'year': 2024}
Traceback (most recent call last):
  File "C:\Users\georg\anaconda3\envs\nawilebi_scrape\Lib\site-packages\mysql\connector\connection_cext.py", line 705, in cmd_query
    self._cmysql.query(
_mysql_connector.MySQLInterfaceError: Data truncated for column 'start_year' at row 1

The above exception was the direct cause of the following exception:

Traceback (most recent call last):
  File "C:\Users\georg\anaconda3\envs\nawilebi_scrape\Lib\site-packages\twisted\internet\defer.py", line 1074, in _runCallbacks
    current.result = callback(  # type: ignore[misc]
  File "C:\Users\georg\anaconda3\envs\nawilebi_scrape\Lib\site-packages\scrapy\utils\defer.py", line 340, in f
    return deferred_from_coro(coro_f(*coro_args, **coro_kwargs))
  File "D:\Projects\nawilebi_scrape\nawilebi\nawilebi\pipelines.py", line 222, in process_item
    self.cur.execute('''
  File "C:\Users\georg\anaconda3\envs\nawilebi_scrape\Lib\site-packages\mysql\connector\cursor_cext.py", line 357, in execute
    result = self._connection.cmd_query(
  File "C:\Users\georg\anaconda3\envs\nawilebi_scrape\Lib\site-packages\mysql\connector\opentelemetry\context_propagation.py", line 97, in wrapper
    return method(cnx, *args, **kwargs)
  File "C:\Users\georg\anaconda3\envs\nawilebi_scrape\Lib\site-packages\mysql\connector\connection_cext.py", line 713, in cmd_query
    raise get_mysql_exception(
mysql.connector.errors.DatabaseError: 1265 (01000): Data truncated for column 'start_year' at row 1
2024-10-10 23:43:23 [scrapy.extensions.logstats] INFO: Crawled 59 pages (at 59 pages/min), scraped 2 items (at 2 items/min)
2024-10-10 23:43:26 [scrapy.core.engine] DEBUG: Crawled (200) <GET https://otoparts.ge/product/%e1%83%99%e1%83%9d%e1%83%9c%e1%83%93%e1%83%98%e1%83%aa%e1%83%98%e1%83%9d%e1%83%9c%e1%83%94%e1%83%a0%e1%83%98%e1%83%a1-%e1%83%a0%e1%83%90%e1%83%93%e1%83%98%e1%83%90%e1%83%a2%e1%83%9d%e1%83%a0-4/> (referer: https://otoparts.ge/product-category/chevrolet/malibu-2015-on/)
2024-10-10 23:43:26 [scrapy.core.scraper] ERROR: Error processing {'car_mark': 'CHEVROLET',
 'car_model': 'MALIBU',
 'end_year': 2015,
 'in_stock': False,
 'part_full_name': 'კონდიციონერის რადიატორი',
 'part_url': 'https://otoparts.ge/product/%e1%83%99%e1%83%9d%e1%83%9c%e1%83%93%e1%83%98%e1%83%aa%e1%83%98%e1%83%9d%e1%83%9c%e1%83%94%e1%83%a0%e1%83%98%e1%83%a1-%e1%83%a0%e1%83%90%e1%83%93%e1%83%98%e1%83%90%e1%83%a2%e1%83%9d%e1%83%a0-4/',
 'price': 200.0,
 'start_year': '2015-2024',
 'website': 'https://otoparts.ge/',
 'year': 2024}
Traceback (most recent call last):
  File "C:\Users\georg\anaconda3\envs\nawilebi_scrape\Lib\site-packages\mysql\connector\connection_cext.py", line 705, in cmd_query
    self._cmysql.query(
_mysql_connector.MySQLInterfaceError: Data truncated for column 'start_year' at row 1

The above exception was the direct cause of the following exception:

Traceback (most recent call last):
  File "C:\Users\georg\anaconda3\envs\nawilebi_scrape\Lib\site-packages\twisted\internet\defer.py", line 1074, in _runCallbacks
    current.result = callback(  # type: ignore[misc]
  File "C:\Users\georg\anaconda3\envs\nawilebi_scrape\Lib\site-packages\scrapy\utils\defer.py", line 340, in f
    return deferred_from_coro(coro_f(*coro_args, **coro_kwargs))
  File "D:\Projects\nawilebi_scrape\nawilebi\nawilebi\pipelines.py", line 222, in process_item
    self.cur.execute('''
  File "C:\Users\georg\anaconda3\envs\nawilebi_scrape\Lib\site-packages\mysql\connector\cursor_cext.py", line 357, in execute
    result = self._connection.cmd_query(
  File "C:\Users\georg\anaconda3\envs\nawilebi_scrape\Lib\site-packages\mysql\connector\opentelemetry\context_propagation.py", line 97, in wrapper
    return method(cnx, *args, **kwargs)
  File "C:\Users\georg\anaconda3\envs\nawilebi_scrape\Lib\site-packages\mysql\connector\connection_cext.py", line 713, in cmd_query
    raise get_mysql_exception(
mysql.connector.errors.DatabaseError: 1265 (01000): Data truncated for column 'start_year' at row 1
2024-10-10 23:43:27 [scrapy.core.engine] DEBUG: Crawled (200) <GET https://otoparts.ge/product/%e1%83%ac%e1%83%a7%e1%83%9a%e1%83%98%e1%83%a1-%e1%83%a0%e1%83%90%e1%83%93%e1%83%98%e1%83%90%e1%83%a2%e1%83%9d%e1%83%a0%e1%83%98-11/> (referer: https://otoparts.ge/product-category/chevrolet/malibu-2015-on/)
2024-10-10 23:43:27 [scrapy.core.scraper] ERROR: Error processing {'car_mark': 'CHEVROLET',
 'car_model': 'MALIBU',
 'end_year': 2015,
 'in_stock': False,
 'part_full_name': 'წყლის რადიატორი',
 'part_url': 'https://otoparts.ge/product/%e1%83%ac%e1%83%a7%e1%83%9a%e1%83%98%e1%83%a1-%e1%83%a0%e1%83%90%e1%83%93%e1%83%98%e1%83%90%e1%83%a2%e1%83%9d%e1%83%a0%e1%83%98-11/',
 'price': 200.0,
 'start_year': '2015-2024',
 'website': 'https://otoparts.ge/',
 'year': 2024}
Traceback (most recent call last):
  File "C:\Users\georg\anaconda3\envs\nawilebi_scrape\Lib\site-packages\mysql\connector\connection_cext.py", line 705, in cmd_query
    self._cmysql.query(
_mysql_connector.MySQLInterfaceError: Data truncated for column 'start_year' at row 1

The above exception was the direct cause of the following exception:

Traceback (most recent call last):
  File "C:\Users\georg\anaconda3\envs\nawilebi_scrape\Lib\site-packages\twisted\internet\defer.py", line 1074, in _runCallbacks
    current.result = callback(  # type: ignore[misc]
  File "C:\Users\georg\anaconda3\envs\nawilebi_scrape\Lib\site-packages\scrapy\utils\defer.py", line 340, in f
    return deferred_from_coro(coro_f(*coro_args, **coro_kwargs))
  File "D:\Projects\nawilebi_scrape\nawilebi\nawilebi\pipelines.py", line 222, in process_item
    self.cur.execute('''
  File "C:\Users\georg\anaconda3\envs\nawilebi_scrape\Lib\site-packages\mysql\connector\cursor_cext.py", line 357, in execute
    result = self._connection.cmd_query(
  File "C:\Users\georg\anaconda3\envs\nawilebi_scrape\Lib\site-packages\mysql\connector\opentelemetry\context_propagation.py", line 97, in wrapper
    return method(cnx, *args, **kwargs)
  File "C:\Users\georg\anaconda3\envs\nawilebi_scrape\Lib\site-packages\mysql\connector\connection_cext.py", line 713, in cmd_query
    raise get_mysql_exception(
mysql.connector.errors.DatabaseError: 1265 (01000): Data truncated for column 'start_year' at row 1
2024-10-10 23:43:27 [scrapy.core.engine] DEBUG: Crawled (200) <GET https://otoparts.ge/product/%e1%83%a0%e1%83%90%e1%83%93%e1%83%98%e1%83%90%e1%83%a2%e1%83%9d%e1%83%a0%e1%83%98%e1%83%a1-%e1%83%a1%e1%83%9e%e1%83%9d%e1%83%98%e1%83%9a%e1%83%94%e1%83%a0%e1%83%98/> (referer: https://otoparts.ge/product-category/chevrolet/malibu-2015-on/)
2024-10-10 23:43:27 [scrapy.core.scraper] ERROR: Error processing {'car_mark': 'CHEVROLET',
 'car_model': 'MALIBU',
 'end_year': 2015,
 'in_stock': True,
 'part_full_name': 'რადიატორის პანელი',
 'part_url': 'https://otoparts.ge/product/%e1%83%a0%e1%83%90%e1%83%93%e1%83%98%e1%83%90%e1%83%a2%e1%83%9d%e1%83%a0%e1%83%98%e1%83%a1-%e1%83%a1%e1%83%9e%e1%83%9d%e1%83%98%e1%83%9a%e1%83%94%e1%83%a0%e1%83%98/',
 'price': 60.0,
 'start_year': '2015-2024',
 'website': 'https://otoparts.ge/',
 'year': 2024}
Traceback (most recent call last):
  File "C:\Users\georg\anaconda3\envs\nawilebi_scrape\Lib\site-packages\mysql\connector\connection_cext.py", line 705, in cmd_query
    self._cmysql.query(
_mysql_connector.MySQLInterfaceError: Data truncated for column 'start_year' at row 1

The above exception was the direct cause of the following exception:

Traceback (most recent call last):
  File "C:\Users\georg\anaconda3\envs\nawilebi_scrape\Lib\site-packages\twisted\internet\defer.py", line 1074, in _runCallbacks
    current.result = callback(  # type: ignore[misc]
  File "C:\Users\georg\anaconda3\envs\nawilebi_scrape\Lib\site-packages\scrapy\utils\defer.py", line 340, in f
    return deferred_from_coro(coro_f(*coro_args, **coro_kwargs))
  File "D:\Projects\nawilebi_scrape\nawilebi\nawilebi\pipelines.py", line 222, in process_item
    self.cur.execute('''
  File "C:\Users\georg\anaconda3\envs\nawilebi_scrape\Lib\site-packages\mysql\connector\cursor_cext.py", line 357, in execute
    result = self._connection.cmd_query(
  File "C:\Users\georg\anaconda3\envs\nawilebi_scrape\Lib\site-packages\mysql\connector\opentelemetry\context_propagation.py", line 97, in wrapper
    return method(cnx, *args, **kwargs)
  File "C:\Users\georg\anaconda3\envs\nawilebi_scrape\Lib\site-packages\mysql\connector\connection_cext.py", line 713, in cmd_query
    raise get_mysql_exception(
mysql.connector.errors.DatabaseError: 1265 (01000): Data truncated for column 'start_year' at row 1
2024-10-10 23:43:28 [scrapy.core.engine] DEBUG: Crawled (200) <GET https://otoparts.ge/product/%e1%83%a0%e1%83%90%e1%83%93%e1%83%98%e1%83%90%e1%83%a2%e1%83%9d%e1%83%a0%e1%83%98%e1%83%a1-%e1%83%96%e1%83%94%e1%83%93%e1%83%90-%e1%83%9e%e1%83%90%e1%83%9c%e1%83%94%e1%83%9a%e1%83%98-%e1%83%a0-2/> (referer: https://otoparts.ge/product-category/chevrolet/malibu-2015-on/)
2024-10-10 23:43:29 [scrapy.core.scraper] ERROR: Error processing {'car_mark': 'CHEVROLET',
 'car_model': 'MALIBU',
 'end_year': 2015,
 'in_stock': True,
 'part_full_name': 'რადიატორის ზედა პანელი (რკინა)',
 'part_url': 'https://otoparts.ge/product/%e1%83%a0%e1%83%90%e1%83%93%e1%83%98%e1%83%90%e1%83%a2%e1%83%9d%e1%83%a0%e1%83%98%e1%83%a1-%e1%83%96%e1%83%94%e1%83%93%e1%83%90-%e1%83%9e%e1%83%90%e1%83%9c%e1%83%94%e1%83%9a%e1%83%98-%e1%83%a0-2/',
 'price': 160.0,
 'start_year': '2015-2024',
 'website': 'https://otoparts.ge/',
 'year': 2024}
Traceback (most recent call last):
  File "C:\Users\georg\anaconda3\envs\nawilebi_scrape\Lib\site-packages\mysql\connector\connection_cext.py", line 705, in cmd_query
    self._cmysql.query(
_mysql_connector.MySQLInterfaceError: Data truncated for column 'start_year' at row 1

The above exception was the direct cause of the following exception:

Traceback (most recent call last):
  File "C:\Users\georg\anaconda3\envs\nawilebi_scrape\Lib\site-packages\twisted\internet\defer.py", line 1074, in _runCallbacks
    current.result = callback(  # type: ignore[misc]
  File "C:\Users\georg\anaconda3\envs\nawilebi_scrape\Lib\site-packages\scrapy\utils\defer.py", line 340, in f
    return deferred_from_coro(coro_f(*coro_args, **coro_kwargs))
  File "D:\Projects\nawilebi_scrape\nawilebi\nawilebi\pipelines.py", line 222, in process_item
    self.cur.execute('''
  File "C:\Users\georg\anaconda3\envs\nawilebi_scrape\Lib\site-packages\mysql\connector\cursor_cext.py", line 357, in execute
    result = self._connection.cmd_query(
  File "C:\Users\georg\anaconda3\envs\nawilebi_scrape\Lib\site-packages\mysql\connector\opentelemetry\context_propagation.py", line 97, in wrapper
    return method(cnx, *args, **kwargs)
  File "C:\Users\georg\anaconda3\envs\nawilebi_scrape\Lib\site-packages\mysql\connector\connection_cext.py", line 713, in cmd_query
    raise get_mysql_exception(
mysql.connector.errors.DatabaseError: 1265 (01000): Data truncated for column 'start_year' at row 1
2024-10-10 23:43:29 [scrapy.core.engine] DEBUG: Crawled (200) <GET https://otoparts.ge/product/%e1%83%ac%e1%83%98%e1%83%9c%e1%83%90-%e1%83%91%e1%83%90%e1%83%9b%e1%83%9e%e1%83%94%e1%83%a0%e1%83%98%e1%83%a1-%e1%83%a8%e1%83%a3%e1%83%90-%e1%83%a1%e1%83%90%e1%83%9b%e1%83%90%e1%83%92%e1%83%a0/> (referer: https://otoparts.ge/product-category/chevrolet/malibu-2015-on/)
2024-10-10 23:43:29 [scrapy.core.scraper] ERROR: Error processing {'car_mark': 'CHEVROLET',
 'car_model': 'MALIBU',
 'end_year': 2015,
 'in_stock': True,
 'part_full_name': 'წინა ბამპერის შუა სამაგრი',
 'part_url': 'https://otoparts.ge/product/%e1%83%ac%e1%83%98%e1%83%9c%e1%83%90-%e1%83%91%e1%83%90%e1%83%9b%e1%83%9e%e1%83%94%e1%83%a0%e1%83%98%e1%83%a1-%e1%83%a8%e1%83%a3%e1%83%90-%e1%83%a1%e1%83%90%e1%83%9b%e1%83%90%e1%83%92%e1%83%a0/',
 'price': 40.0,
 'start_year': '2015-2024',
 'website': 'https://otoparts.ge/',
 'year': 2024}
Traceback (most recent call last):
  File "C:\Users\georg\anaconda3\envs\nawilebi_scrape\Lib\site-packages\mysql\connector\connection_cext.py", line 705, in cmd_query
    self._cmysql.query(
_mysql_connector.MySQLInterfaceError: Data truncated for column 'start_year' at row 1

The above exception was the direct cause of the following exception:

Traceback (most recent call last):
  File "C:\Users\georg\anaconda3\envs\nawilebi_scrape\Lib\site-packages\twisted\internet\defer.py", line 1074, in _runCallbacks
    current.result = callback(  # type: ignore[misc]
  File "C:\Users\georg\anaconda3\envs\nawilebi_scrape\Lib\site-packages\scrapy\utils\defer.py", line 340, in f
    return deferred_from_coro(coro_f(*coro_args, **coro_kwargs))
  File "D:\Projects\nawilebi_scrape\nawilebi\nawilebi\pipelines.py", line 222, in process_item
    self.cur.execute('''
  File "C:\Users\georg\anaconda3\envs\nawilebi_scrape\Lib\site-packages\mysql\connector\cursor_cext.py", line 357, in execute
    result = self._connection.cmd_query(
  File "C:\Users\georg\anaconda3\envs\nawilebi_scrape\Lib\site-packages\mysql\connector\opentelemetry\context_propagation.py", line 97, in wrapper
    return method(cnx, *args, **kwargs)
  File "C:\Users\georg\anaconda3\envs\nawilebi_scrape\Lib\site-packages\mysql\connector\connection_cext.py", line 713, in cmd_query
    raise get_mysql_exception(
mysql.connector.errors.DatabaseError: 1265 (01000): Data truncated for column 'start_year' at row 1
2024-10-10 23:43:33 [scrapy.core.engine] DEBUG: Crawled (200) <GET https://otoparts.ge/product/%e1%83%ac%e1%83%98%e1%83%9c%e1%83%90-%e1%83%ab%e1%83%94%e1%83%9a%e1%83%98-3/> (referer: https://otoparts.ge/product-category/chevrolet/malibu-2015-on/)
2024-10-10 23:43:33 [scrapy.core.scraper] ERROR: Error processing {'car_mark': 'CHEVROLET',
 'car_model': 'MALIBU',
 'end_year': 2015,
 'in_stock': True,
 'part_full_name': 'წინა ძელი',
 'part_url': 'https://otoparts.ge/product/%e1%83%ac%e1%83%98%e1%83%9c%e1%83%90-%e1%83%ab%e1%83%94%e1%83%9a%e1%83%98-3/',
 'price': 120.0,
 'start_year': '2015-2024',
 'website': 'https://otoparts.ge/',
 'year': 2024}
Traceback (most recent call last):
  File "C:\Users\georg\anaconda3\envs\nawilebi_scrape\Lib\site-packages\mysql\connector\connection_cext.py", line 705, in cmd_query
    self._cmysql.query(
_mysql_connector.MySQLInterfaceError: Data truncated for column 'start_year' at row 1

The above exception was the direct cause of the following exception:

Traceback (most recent call last):
  File "C:\Users\georg\anaconda3\envs\nawilebi_scrape\Lib\site-packages\twisted\internet\defer.py", line 1074, in _runCallbacks
    current.result = callback(  # type: ignore[misc]
  File "C:\Users\georg\anaconda3\envs\nawilebi_scrape\Lib\site-packages\scrapy\utils\defer.py", line 340, in f
    return deferred_from_coro(coro_f(*coro_args, **coro_kwargs))
  File "D:\Projects\nawilebi_scrape\nawilebi\nawilebi\pipelines.py", line 222, in process_item
    self.cur.execute('''
  File "C:\Users\georg\anaconda3\envs\nawilebi_scrape\Lib\site-packages\mysql\connector\cursor_cext.py", line 357, in execute
    result = self._connection.cmd_query(
  File "C:\Users\georg\anaconda3\envs\nawilebi_scrape\Lib\site-packages\mysql\connector\opentelemetry\context_propagation.py", line 97, in wrapper
    return method(cnx, *args, **kwargs)
  File "C:\Users\georg\anaconda3\envs\nawilebi_scrape\Lib\site-packages\mysql\connector\connection_cext.py", line 713, in cmd_query
    raise get_mysql_exception(
mysql.connector.errors.DatabaseError: 1265 (01000): Data truncated for column 'start_year' at row 1
2024-10-10 23:43:33 [scrapy.core.engine] DEBUG: Crawled (200) <GET https://otoparts.ge/product/%e1%83%91%e1%83%90%e1%83%9b%e1%83%9e%e1%83%94%e1%83%a0%e1%83%98%e1%83%a1-%e1%83%a5%e1%83%95%e1%83%94%e1%83%93%e1%83%90-%e1%83%93%e1%83%90%e1%83%9b%e1%83%aa%e1%83%90%e1%83%95%e1%83%98-3/> (referer: https://otoparts.ge/product-category/chevrolet/malibu-2015-on/)
2024-10-10 23:43:33 [scrapy.core.scraper] ERROR: Error processing {'car_mark': 'CHEVROLET',
 'car_model': 'MALIBU',
 'end_year': 2015,
 'in_stock': False,
 'part_full_name': 'ბამპერის ქვედა დამცავი',
 'part_url': 'https://otoparts.ge/product/%e1%83%91%e1%83%90%e1%83%9b%e1%83%9e%e1%83%94%e1%83%a0%e1%83%98%e1%83%a1-%e1%83%a5%e1%83%95%e1%83%94%e1%83%93%e1%83%90-%e1%83%93%e1%83%90%e1%83%9b%e1%83%aa%e1%83%90%e1%83%95%e1%83%98-3/',
 'price': 50.0,
 'start_year': '2015-2024',
 'website': 'https://otoparts.ge/',
 'year': 2024}
Traceback (most recent call last):
  File "C:\Users\georg\anaconda3\envs\nawilebi_scrape\Lib\site-packages\mysql\connector\connection_cext.py", line 705, in cmd_query
    self._cmysql.query(
_mysql_connector.MySQLInterfaceError: Data truncated for column 'start_year' at row 1

The above exception was the direct cause of the following exception:

Traceback (most recent call last):
  File "C:\Users\georg\anaconda3\envs\nawilebi_scrape\Lib\site-packages\twisted\internet\defer.py", line 1074, in _runCallbacks
    current.result = callback(  # type: ignore[misc]
  File "C:\Users\georg\anaconda3\envs\nawilebi_scrape\Lib\site-packages\scrapy\utils\defer.py", line 340, in f
    return deferred_from_coro(coro_f(*coro_args, **coro_kwargs))
  File "D:\Projects\nawilebi_scrape\nawilebi\nawilebi\pipelines.py", line 222, in process_item
    self.cur.execute('''
  File "C:\Users\georg\anaconda3\envs\nawilebi_scrape\Lib\site-packages\mysql\connector\cursor_cext.py", line 357, in execute
    result = self._connection.cmd_query(
  File "C:\Users\georg\anaconda3\envs\nawilebi_scrape\Lib\site-packages\mysql\connector\opentelemetry\context_propagation.py", line 97, in wrapper
    return method(cnx, *args, **kwargs)
  File "C:\Users\georg\anaconda3\envs\nawilebi_scrape\Lib\site-packages\mysql\connector\connection_cext.py", line 713, in cmd_query
    raise get_mysql_exception(
mysql.connector.errors.DatabaseError: 1265 (01000): Data truncated for column 'start_year' at row 1
2024-10-10 23:43:33 [scrapy.core.engine] DEBUG: Crawled (200) <GET https://otoparts.ge/product/%e1%83%ac%e1%83%98%e1%83%9c%e1%83%90-%e1%83%91%e1%83%90%e1%83%9b%e1%83%9e%e1%83%94%e1%83%a0%e1%83%98%e1%83%a1-%e1%83%99%e1%83%90%e1%83%9c%e1%83%a2%e1%83%98-2/> (referer: https://otoparts.ge/product-category/chevrolet/malibu-2015-on/)
2024-10-10 23:43:33 [scrapy.core.scraper] ERROR: Error processing {'car_mark': 'CHEVROLET',
 'car_model': 'MALIBU',
 'end_year': 2015,
 'in_stock': False,
 'part_full_name': 'წინა ბამპერის სპოილერი',
 'part_url': 'https://otoparts.ge/product/%e1%83%ac%e1%83%98%e1%83%9c%e1%83%90-%e1%83%91%e1%83%90%e1%83%9b%e1%83%9e%e1%83%94%e1%83%a0%e1%83%98%e1%83%a1-%e1%83%99%e1%83%90%e1%83%9c%e1%83%a2%e1%83%98-2/',
 'price': 50.0,
 'start_year': '2015-2024',
 'website': 'https://otoparts.ge/',
 'year': 2024}
Traceback (most recent call last):
  File "C:\Users\georg\anaconda3\envs\nawilebi_scrape\Lib\site-packages\mysql\connector\connection_cext.py", line 705, in cmd_query
    self._cmysql.query(
_mysql_connector.MySQLInterfaceError: Data truncated for column 'start_year' at row 1

The above exception was the direct cause of the following exception:

Traceback (most recent call last):
  File "C:\Users\georg\anaconda3\envs\nawilebi_scrape\Lib\site-packages\twisted\internet\defer.py", line 1074, in _runCallbacks
    current.result = callback(  # type: ignore[misc]
  File "C:\Users\georg\anaconda3\envs\nawilebi_scrape\Lib\site-packages\scrapy\utils\defer.py", line 340, in f
    return deferred_from_coro(coro_f(*coro_args, **coro_kwargs))
  File "D:\Projects\nawilebi_scrape\nawilebi\nawilebi\pipelines.py", line 222, in process_item
    self.cur.execute('''
  File "C:\Users\georg\anaconda3\envs\nawilebi_scrape\Lib\site-packages\mysql\connector\cursor_cext.py", line 357, in execute
    result = self._connection.cmd_query(
  File "C:\Users\georg\anaconda3\envs\nawilebi_scrape\Lib\site-packages\mysql\connector\opentelemetry\context_propagation.py", line 97, in wrapper
    return method(cnx, *args, **kwargs)
  File "C:\Users\georg\anaconda3\envs\nawilebi_scrape\Lib\site-packages\mysql\connector\connection_cext.py", line 713, in cmd_query
    raise get_mysql_exception(
mysql.connector.errors.DatabaseError: 1265 (01000): Data truncated for column 'start_year' at row 1
2024-10-10 23:43:35 [scrapy.core.engine] DEBUG: Crawled (200) <GET https://otoparts.ge/product/%e1%83%ac%e1%83%98%e1%83%9c%e1%83%90-%e1%83%91%e1%83%90%e1%83%9b%e1%83%9e%e1%83%94%e1%83%a0%e1%83%98%e1%83%a1-%e1%83%96%e1%83%94%e1%83%93%e1%83%90-%e1%83%9b%e1%83%9d%e1%83%9a%e1%83%93%e1%83%98/> (referer: https://otoparts.ge/product-category/chevrolet/malibu-2015-on/)
2024-10-10 23:43:35 [scrapy.core.scraper] ERROR: Error processing {'car_mark': 'CHEVROLET',
 'car_model': 'MALIBU',
 'end_year': 2015,
 'in_stock': True,
 'part_full_name': 'წინა ბამპერის\xa0ზედა მოლდინგი  მარჯვენა',
 'part_url': 'https://otoparts.ge/product/%e1%83%ac%e1%83%98%e1%83%9c%e1%83%90-%e1%83%91%e1%83%90%e1%83%9b%e1%83%9e%e1%83%94%e1%83%a0%e1%83%98%e1%83%a1-%e1%83%96%e1%83%94%e1%83%93%e1%83%90-%e1%83%9b%e1%83%9d%e1%83%9a%e1%83%93%e1%83%98/',
 'price': 25.0,
 'start_year': '2015-2024',
 'website': 'https://otoparts.ge/',
 'year': 2024}
Traceback (most recent call last):
  File "C:\Users\georg\anaconda3\envs\nawilebi_scrape\Lib\site-packages\mysql\connector\connection_cext.py", line 705, in cmd_query
    self._cmysql.query(
_mysql_connector.MySQLInterfaceError: Data truncated for column 'start_year' at row 1

The above exception was the direct cause of the following exception:

Traceback (most recent call last):
  File "C:\Users\georg\anaconda3\envs\nawilebi_scrape\Lib\site-packages\twisted\internet\defer.py", line 1074, in _runCallbacks
    current.result = callback(  # type: ignore[misc]
  File "C:\Users\georg\anaconda3\envs\nawilebi_scrape\Lib\site-packages\scrapy\utils\defer.py", line 340, in f
    return deferred_from_coro(coro_f(*coro_args, **coro_kwargs))
  File "D:\Projects\nawilebi_scrape\nawilebi\nawilebi\pipelines.py", line 222, in process_item
    self.cur.execute('''
  File "C:\Users\georg\anaconda3\envs\nawilebi_scrape\Lib\site-packages\mysql\connector\cursor_cext.py", line 357, in execute
    result = self._connection.cmd_query(
  File "C:\Users\georg\anaconda3\envs\nawilebi_scrape\Lib\site-packages\mysql\connector\opentelemetry\context_propagation.py", line 97, in wrapper
    return method(cnx, *args, **kwargs)
  File "C:\Users\georg\anaconda3\envs\nawilebi_scrape\Lib\site-packages\mysql\connector\connection_cext.py", line 713, in cmd_query
    raise get_mysql_exception(
mysql.connector.errors.DatabaseError: 1265 (01000): Data truncated for column 'start_year' at row 1
2024-10-10 23:43:36 [scrapy.core.engine] DEBUG: Crawled (200) <GET https://otoparts.ge/product/%e1%83%ac%e1%83%98%e1%83%9c%e1%83%90-%e1%83%91%e1%83%90%e1%83%9b%e1%83%9e%e1%83%94%e1%83%a0%e1%83%98%e1%83%a1-%e1%83%99%e1%83%90%e1%83%9c%e1%83%a2%e1%83%98/> (referer: https://otoparts.ge/product-category/chevrolet/malibu-2015-on/)
2024-10-10 23:43:37 [scrapy.core.scraper] ERROR: Error processing {'car_mark': 'CHEVROLET',
 'car_model': 'MALIBU',
 'end_year': 2015,
 'in_stock': False,
 'part_full_name': 'წინა ბამპერის\xa0ზედა მოლდინგი  მარცხენა',
 'part_url': 'https://otoparts.ge/product/%e1%83%ac%e1%83%98%e1%83%9c%e1%83%90-%e1%83%91%e1%83%90%e1%83%9b%e1%83%9e%e1%83%94%e1%83%a0%e1%83%98%e1%83%a1-%e1%83%99%e1%83%90%e1%83%9c%e1%83%a2%e1%83%98/',
 'price': 25.0,
 'start_year': '2015-2024',
 'website': 'https://otoparts.ge/',
 'year': 2024}
Traceback (most recent call last):
  File "C:\Users\georg\anaconda3\envs\nawilebi_scrape\Lib\site-packages\mysql\connector\connection_cext.py", line 705, in cmd_query
    self._cmysql.query(
_mysql_connector.MySQLInterfaceError: Data truncated for column 'start_year' at row 1

The above exception was the direct cause of the following exception:

Traceback (most recent call last):
  File "C:\Users\georg\anaconda3\envs\nawilebi_scrape\Lib\site-packages\twisted\internet\defer.py", line 1074, in _runCallbacks
    current.result = callback(  # type: ignore[misc]
  File "C:\Users\georg\anaconda3\envs\nawilebi_scrape\Lib\site-packages\scrapy\utils\defer.py", line 340, in f
    return deferred_from_coro(coro_f(*coro_args, **coro_kwargs))
  File "D:\Projects\nawilebi_scrape\nawilebi\nawilebi\pipelines.py", line 222, in process_item
    self.cur.execute('''
  File "C:\Users\georg\anaconda3\envs\nawilebi_scrape\Lib\site-packages\mysql\connector\cursor_cext.py", line 357, in execute
    result = self._connection.cmd_query(
  File "C:\Users\georg\anaconda3\envs\nawilebi_scrape\Lib\site-packages\mysql\connector\opentelemetry\context_propagation.py", line 97, in wrapper
    return method(cnx, *args, **kwargs)
  File "C:\Users\georg\anaconda3\envs\nawilebi_scrape\Lib\site-packages\mysql\connector\connection_cext.py", line 713, in cmd_query
    raise get_mysql_exception(
mysql.connector.errors.DatabaseError: 1265 (01000): Data truncated for column 'start_year' at row 1
2024-10-10 23:43:38 [scrapy.core.engine] DEBUG: Crawled (200) <GET https://otoparts.ge/product/%e1%83%9c%e1%83%98%e1%83%99%e1%83%94%e1%83%9a%e1%83%98-%e1%83%9b%e1%83%90%e1%83%a0%e1%83%af%e1%83%95%e1%83%94%e1%83%9c%e1%83%90/> (referer: https://otoparts.ge/product-category/chevrolet/malibu-2015-on/)
2024-10-10 23:43:38 [scrapy.core.scraper] ERROR: Error processing {'car_mark': 'CHEVROLET',
 'car_model': 'MALIBU',
 'end_year': 2015,
 'in_stock': False,
 'part_full_name': 'ნიკელი  მარჯვენა',
 'part_url': 'https://otoparts.ge/product/%e1%83%9c%e1%83%98%e1%83%99%e1%83%94%e1%83%9a%e1%83%98-%e1%83%9b%e1%83%90%e1%83%a0%e1%83%af%e1%83%95%e1%83%94%e1%83%9c%e1%83%90/',
 'price': 25.0,
 'start_year': '2015-2024',
 'website': 'https://otoparts.ge/',
 'year': 2024}
Traceback (most recent call last):
  File "C:\Users\georg\anaconda3\envs\nawilebi_scrape\Lib\site-packages\mysql\connector\connection_cext.py", line 705, in cmd_query
    self._cmysql.query(
_mysql_connector.MySQLInterfaceError: Data truncated for column 'start_year' at row 1

The above exception was the direct cause of the following exception:

Traceback (most recent call last):
  File "C:\Users\georg\anaconda3\envs\nawilebi_scrape\Lib\site-packages\twisted\internet\defer.py", line 1074, in _runCallbacks
    current.result = callback(  # type: ignore[misc]
  File "C:\Users\georg\anaconda3\envs\nawilebi_scrape\Lib\site-packages\scrapy\utils\defer.py", line 340, in f
    return deferred_from_coro(coro_f(*coro_args, **coro_kwargs))
  File "D:\Projects\nawilebi_scrape\nawilebi\nawilebi\pipelines.py", line 222, in process_item
    self.cur.execute('''
  File "C:\Users\georg\anaconda3\envs\nawilebi_scrape\Lib\site-packages\mysql\connector\cursor_cext.py", line 357, in execute
    result = self._connection.cmd_query(
  File "C:\Users\georg\anaconda3\envs\nawilebi_scrape\Lib\site-packages\mysql\connector\opentelemetry\context_propagation.py", line 97, in wrapper
    return method(cnx, *args, **kwargs)
  File "C:\Users\georg\anaconda3\envs\nawilebi_scrape\Lib\site-packages\mysql\connector\connection_cext.py", line 713, in cmd_query
    raise get_mysql_exception(
mysql.connector.errors.DatabaseError: 1265 (01000): Data truncated for column 'start_year' at row 1
2024-10-10 23:43:39 [scrapy.core.engine] DEBUG: Crawled (200) <GET https://otoparts.ge/product/%e1%83%9c%e1%83%98%e1%83%a1%e1%83%9a%e1%83%a1%e1%83%90%e1%83%ac%e1%83%98%e1%83%9c%e1%83%90%e1%83%90%e1%83%a6%e1%83%9b%e1%83%93%e1%83%94%e1%83%92%e1%83%9d-%e1%83%a4%e1%83%90%e1%83%a0%e1%83%98-98/> (referer: https://otoparts.ge/product-category/chevrolet/malibu-2015-on/)
2024-10-10 23:43:39 [scrapy.core.scraper] ERROR: Error processing {'car_mark': 'CHEVROLET',
 'car_model': 'MALIBU',
 'end_year': 2015,
 'in_stock': True,
 'part_full_name': 'ნიკელი  მარცხენა',
 'part_url': 'https://otoparts.ge/product/%e1%83%9c%e1%83%98%e1%83%a1%e1%83%9a%e1%83%a1%e1%83%90%e1%83%ac%e1%83%98%e1%83%9c%e1%83%90%e1%83%90%e1%83%a6%e1%83%9b%e1%83%93%e1%83%94%e1%83%92%e1%83%9d-%e1%83%a4%e1%83%90%e1%83%a0%e1%83%98-98/',
 'price': 25.0,
 'start_year': '2015-2024',
 'website': 'https://otoparts.ge/',
 'year': 2024}
Traceback (most recent call last):
  File "C:\Users\georg\anaconda3\envs\nawilebi_scrape\Lib\site-packages\mysql\connector\connection_cext.py", line 705, in cmd_query
    self._cmysql.query(
_mysql_connector.MySQLInterfaceError: Data truncated for column 'start_year' at row 1

The above exception was the direct cause of the following exception:

Traceback (most recent call last):
  File "C:\Users\georg\anaconda3\envs\nawilebi_scrape\Lib\site-packages\twisted\internet\defer.py", line 1074, in _runCallbacks
    current.result = callback(  # type: ignore[misc]
  File "C:\Users\georg\anaconda3\envs\nawilebi_scrape\Lib\site-packages\scrapy\utils\defer.py", line 340, in f
    return deferred_from_coro(coro_f(*coro_args, **coro_kwargs))
  File "D:\Projects\nawilebi_scrape\nawilebi\nawilebi\pipelines.py", line 222, in process_item
    self.cur.execute('''
  File "C:\Users\georg\anaconda3\envs\nawilebi_scrape\Lib\site-packages\mysql\connector\cursor_cext.py", line 357, in execute
    result = self._connection.cmd_query(
  File "C:\Users\georg\anaconda3\envs\nawilebi_scrape\Lib\site-packages\mysql\connector\opentelemetry\context_propagation.py", line 97, in wrapper
    return method(cnx, *args, **kwargs)
  File "C:\Users\georg\anaconda3\envs\nawilebi_scrape\Lib\site-packages\mysql\connector\connection_cext.py", line 713, in cmd_query
    raise get_mysql_exception(
mysql.connector.errors.DatabaseError: 1265 (01000): Data truncated for column 'start_year' at row 1
2024-10-10 23:43:40 [scrapy.core.engine] DEBUG: Crawled (200) <GET https://otoparts.ge/product/%e1%83%9c%e1%83%98%e1%83%a1%e1%83%9a%e1%83%a1%e1%83%90%e1%83%ac%e1%83%98%e1%83%9c%e1%83%90%e1%83%90%e1%83%a6%e1%83%9b%e1%83%93%e1%83%94%e1%83%92%e1%83%9d-%e1%83%a4%e1%83%90%e1%83%a0%e1%83%98-164/> (referer: https://otoparts.ge/product-category/chevrolet/malibu-2015-on/)
2024-10-10 23:43:40 [scrapy.core.scraper] ERROR: Error processing {'car_mark': 'CHEVROLET',
 'car_model': 'MALIBU',
 'end_year': 2015,
 'in_stock': False,
 'part_full_name': 'ნისლსაწინააღმდეგო ფარის ხუფი  მარჯვენა',
 'part_url': 'https://otoparts.ge/product/%e1%83%9c%e1%83%98%e1%83%a1%e1%83%9a%e1%83%a1%e1%83%90%e1%83%ac%e1%83%98%e1%83%9c%e1%83%90%e1%83%90%e1%83%a6%e1%83%9b%e1%83%93%e1%83%94%e1%83%92%e1%83%9d-%e1%83%a4%e1%83%90%e1%83%a0%e1%83%98-164/',
 'price': 30.0,
 'start_year': '2015-2024',
 'website': 'https://otoparts.ge/',
 'year': 2024}
Traceback (most recent call last):
  File "C:\Users\georg\anaconda3\envs\nawilebi_scrape\Lib\site-packages\mysql\connector\connection_cext.py", line 705, in cmd_query
    self._cmysql.query(
_mysql_connector.MySQLInterfaceError: Data truncated for column 'start_year' at row 1

The above exception was the direct cause of the following exception:

Traceback (most recent call last):
  File "C:\Users\georg\anaconda3\envs\nawilebi_scrape\Lib\site-packages\twisted\internet\defer.py", line 1074, in _runCallbacks
    current.result = callback(  # type: ignore[misc]
  File "C:\Users\georg\anaconda3\envs\nawilebi_scrape\Lib\site-packages\scrapy\utils\defer.py", line 340, in f
    return deferred_from_coro(coro_f(*coro_args, **coro_kwargs))
  File "D:\Projects\nawilebi_scrape\nawilebi\nawilebi\pipelines.py", line 222, in process_item
    self.cur.execute('''
  File "C:\Users\georg\anaconda3\envs\nawilebi_scrape\Lib\site-packages\mysql\connector\cursor_cext.py", line 357, in execute
    result = self._connection.cmd_query(
  File "C:\Users\georg\anaconda3\envs\nawilebi_scrape\Lib\site-packages\mysql\connector\opentelemetry\context_propagation.py", line 97, in wrapper
    return method(cnx, *args, **kwargs)
  File "C:\Users\georg\anaconda3\envs\nawilebi_scrape\Lib\site-packages\mysql\connector\connection_cext.py", line 713, in cmd_query
    raise get_mysql_exception(
mysql.connector.errors.DatabaseError: 1265 (01000): Data truncated for column 'start_year' at row 1
2024-10-10 23:43:42 [scrapy.core.engine] DEBUG: Crawled (200) <GET https://otoparts.ge/product/%e1%83%9c%e1%83%98%e1%83%a1%e1%83%9a%e1%83%a1%e1%83%90%e1%83%ac%e1%83%98%e1%83%9c%e1%83%90%e1%83%90%e1%83%a6%e1%83%9b%e1%83%93%e1%83%94%e1%83%92%e1%83%9d-%e1%83%a4%e1%83%90%e1%83%a0%e1%83%98-97/> (referer: https://otoparts.ge/product-category/chevrolet/malibu-2015-on/)
2024-10-10 23:43:42 [scrapy.core.scraper] ERROR: Error processing {'car_mark': 'CHEVROLET',
 'car_model': 'MALIBU',
 'end_year': 2015,
 'in_stock': True,
 'part_full_name': 'ნისლსაწინააღმდეგო ფარის ხუფი  მარცხენა',
 'part_url': 'https://otoparts.ge/product/%e1%83%9c%e1%83%98%e1%83%a1%e1%83%9a%e1%83%a1%e1%83%90%e1%83%ac%e1%83%98%e1%83%9c%e1%83%90%e1%83%90%e1%83%a6%e1%83%9b%e1%83%93%e1%83%94%e1%83%92%e1%83%9d-%e1%83%a4%e1%83%90%e1%83%a0%e1%83%98-97/',
 'price': 30.0,
 'start_year': '2015-2024',
 'website': 'https://otoparts.ge/',
 'year': 2024}
Traceback (most recent call last):
  File "C:\Users\georg\anaconda3\envs\nawilebi_scrape\Lib\site-packages\mysql\connector\connection_cext.py", line 705, in cmd_query
    self._cmysql.query(
_mysql_connector.MySQLInterfaceError: Data truncated for column 'start_year' at row 1

The above exception was the direct cause of the following exception:

Traceback (most recent call last):
  File "C:\Users\georg\anaconda3\envs\nawilebi_scrape\Lib\site-packages\twisted\internet\defer.py", line 1074, in _runCallbacks
    current.result = callback(  # type: ignore[misc]
  File "C:\Users\georg\anaconda3\envs\nawilebi_scrape\Lib\site-packages\scrapy\utils\defer.py", line 340, in f
    return deferred_from_coro(coro_f(*coro_args, **coro_kwargs))
  File "D:\Projects\nawilebi_scrape\nawilebi\nawilebi\pipelines.py", line 222, in process_item
    self.cur.execute('''
  File "C:\Users\georg\anaconda3\envs\nawilebi_scrape\Lib\site-packages\mysql\connector\cursor_cext.py", line 357, in execute
    result = self._connection.cmd_query(
  File "C:\Users\georg\anaconda3\envs\nawilebi_scrape\Lib\site-packages\mysql\connector\opentelemetry\context_propagation.py", line 97, in wrapper
    return method(cnx, *args, **kwargs)
  File "C:\Users\georg\anaconda3\envs\nawilebi_scrape\Lib\site-packages\mysql\connector\connection_cext.py", line 713, in cmd_query
    raise get_mysql_exception(
mysql.connector.errors.DatabaseError: 1265 (01000): Data truncated for column 'start_year' at row 1
2024-10-10 23:43:44 [scrapy.core.engine] DEBUG: Crawled (200) <GET https://otoparts.ge/product/%e1%83%9c%e1%83%98%e1%83%a1%e1%83%9a%e1%83%a1%e1%83%90%e1%83%ac%e1%83%98%e1%83%9c%e1%83%90%e1%83%90%e1%83%a6%e1%83%9b%e1%83%93%e1%83%94%e1%83%92%e1%83%9d-%e1%83%a4%e1%83%90%e1%83%a0%e1%83%98-95/> (referer: https://otoparts.ge/product-category/chevrolet/malibu-2015-on/)
2024-10-10 23:43:44 [scrapy.core.engine] DEBUG: Crawled (200) <GET https://otoparts.ge/product/%e1%83%9c%e1%83%98%e1%83%a1%e1%83%9a%e1%83%a1%e1%83%90%e1%83%ac%e1%83%98%e1%83%9c%e1%83%90%e1%83%90%e1%83%a6%e1%83%9b%e1%83%93%e1%83%94%e1%83%92%e1%83%9d-%e1%83%a4%e1%83%90%e1%83%a0%e1%83%98-163/> (referer: https://otoparts.ge/product-category/chevrolet/malibu-2015-on/)
2024-10-10 23:43:44 [scrapy.core.scraper] ERROR: Error processing {'car_mark': 'CHEVROLET',
 'car_model': 'MALIBU',
 'end_year': 2015,
 'in_stock': True,
 'part_full_name': 'ნისლსაწინააღმდეგო ფარი  მარცხენა',
 'part_url': 'https://otoparts.ge/product/%e1%83%9c%e1%83%98%e1%83%a1%e1%83%9a%e1%83%a1%e1%83%90%e1%83%ac%e1%83%98%e1%83%9c%e1%83%90%e1%83%90%e1%83%a6%e1%83%9b%e1%83%93%e1%83%94%e1%83%92%e1%83%9d-%e1%83%a4%e1%83%90%e1%83%a0%e1%83%98-95/',
 'price': 125.0,
 'start_year': '2015-2024',
 'website': 'https://otoparts.ge/',
 'year': 2024}
Traceback (most recent call last):
  File "C:\Users\georg\anaconda3\envs\nawilebi_scrape\Lib\site-packages\mysql\connector\connection_cext.py", line 705, in cmd_query
    self._cmysql.query(
_mysql_connector.MySQLInterfaceError: Data truncated for column 'start_year' at row 1

The above exception was the direct cause of the following exception:

Traceback (most recent call last):
  File "C:\Users\georg\anaconda3\envs\nawilebi_scrape\Lib\site-packages\twisted\internet\defer.py", line 1074, in _runCallbacks
    current.result = callback(  # type: ignore[misc]
  File "C:\Users\georg\anaconda3\envs\nawilebi_scrape\Lib\site-packages\scrapy\utils\defer.py", line 340, in f
    return deferred_from_coro(coro_f(*coro_args, **coro_kwargs))
  File "D:\Projects\nawilebi_scrape\nawilebi\nawilebi\pipelines.py", line 222, in process_item
    self.cur.execute('''
  File "C:\Users\georg\anaconda3\envs\nawilebi_scrape\Lib\site-packages\mysql\connector\cursor_cext.py", line 357, in execute
    result = self._connection.cmd_query(
  File "C:\Users\georg\anaconda3\envs\nawilebi_scrape\Lib\site-packages\mysql\connector\opentelemetry\context_propagation.py", line 97, in wrapper
    return method(cnx, *args, **kwargs)
  File "C:\Users\georg\anaconda3\envs\nawilebi_scrape\Lib\site-packages\mysql\connector\connection_cext.py", line 713, in cmd_query
    raise get_mysql_exception(
mysql.connector.errors.DatabaseError: 1265 (01000): Data truncated for column 'start_year' at row 1
2024-10-10 23:43:44 [scrapy.core.scraper] ERROR: Error processing {'car_mark': 'CHEVROLET',
 'car_model': 'MALIBU',
 'end_year': 2015,
 'in_stock': False,
 'part_full_name': 'ნისლსაწინააღმდეგო ფარი  მარჯვენა',
 'part_url': 'https://otoparts.ge/product/%e1%83%9c%e1%83%98%e1%83%a1%e1%83%9a%e1%83%a1%e1%83%90%e1%83%ac%e1%83%98%e1%83%9c%e1%83%90%e1%83%90%e1%83%a6%e1%83%9b%e1%83%93%e1%83%94%e1%83%92%e1%83%9d-%e1%83%a4%e1%83%90%e1%83%a0%e1%83%98-163/',
 'price': 125.0,
 'start_year': '2015-2024',
 'website': 'https://otoparts.ge/',
 'year': 2024}
Traceback (most recent call last):
  File "C:\Users\georg\anaconda3\envs\nawilebi_scrape\Lib\site-packages\mysql\connector\connection_cext.py", line 705, in cmd_query
    self._cmysql.query(
_mysql_connector.MySQLInterfaceError: Data truncated for column 'start_year' at row 1

The above exception was the direct cause of the following exception:

Traceback (most recent call last):
  File "C:\Users\georg\anaconda3\envs\nawilebi_scrape\Lib\site-packages\twisted\internet\defer.py", line 1074, in _runCallbacks
    current.result = callback(  # type: ignore[misc]
  File "C:\Users\georg\anaconda3\envs\nawilebi_scrape\Lib\site-packages\scrapy\utils\defer.py", line 340, in f
    return deferred_from_coro(coro_f(*coro_args, **coro_kwargs))
  File "D:\Projects\nawilebi_scrape\nawilebi\nawilebi\pipelines.py", line 222, in process_item
    self.cur.execute('''
  File "C:\Users\georg\anaconda3\envs\nawilebi_scrape\Lib\site-packages\mysql\connector\cursor_cext.py", line 357, in execute
    result = self._connection.cmd_query(
  File "C:\Users\georg\anaconda3\envs\nawilebi_scrape\Lib\site-packages\mysql\connector\opentelemetry\context_propagation.py", line 97, in wrapper
    return method(cnx, *args, **kwargs)
  File "C:\Users\georg\anaconda3\envs\nawilebi_scrape\Lib\site-packages\mysql\connector\connection_cext.py", line 713, in cmd_query
    raise get_mysql_exception(
mysql.connector.errors.DatabaseError: 1265 (01000): Data truncated for column 'start_year' at row 1
2024-10-10 23:43:45 [scrapy.core.engine] DEBUG: Crawled (200) <GET https://otoparts.ge/product/%e1%83%91%e1%83%90%e1%83%9b%e1%83%9e%e1%83%94%e1%83%a0%e1%83%98%e1%83%a1-%e1%83%aa%e1%83%ae%e1%83%90%e1%83%a3%e1%83%a0%e1%83%98-19/> (referer: https://otoparts.ge/product-category/chevrolet/malibu-2015-on/)
2024-10-10 23:43:45 [scrapy.core.engine] DEBUG: Crawled (200) <GET https://otoparts.ge/product/%e1%83%91%e1%83%90%e1%83%9b%e1%83%9e%e1%83%94%e1%83%a0%e1%83%98%e1%83%a1-%e1%83%a8%e1%83%a3%e1%83%90-%e1%83%aa%e1%83%ae%e1%83%90%e1%83%a3%e1%83%a0%e1%83%98-%e1%83%90%e1%83%9b%e1%83%94%e1%83%a0/> (referer: https://otoparts.ge/product-category/chevrolet/malibu-2015-on/)
2024-10-10 23:43:45 [scrapy.core.scraper] ERROR: Error processing {'car_mark': 'CHEVROLET',
 'car_model': 'MALIBU',
 'end_year': 2015,
 'in_stock': False,
 'part_full_name': 'ბამპერის ქვედა ცხაური',
 'part_url': 'https://otoparts.ge/product/%e1%83%91%e1%83%90%e1%83%9b%e1%83%9e%e1%83%94%e1%83%a0%e1%83%98%e1%83%a1-%e1%83%aa%e1%83%ae%e1%83%90%e1%83%a3%e1%83%a0%e1%83%98-19/',
 'price': 80.0,
 'start_year': '2015-2024',
 'website': 'https://otoparts.ge/',
 'year': 2024}
Traceback (most recent call last):
  File "C:\Users\georg\anaconda3\envs\nawilebi_scrape\Lib\site-packages\mysql\connector\connection_cext.py", line 705, in cmd_query
    self._cmysql.query(
_mysql_connector.MySQLInterfaceError: Data truncated for column 'start_year' at row 1

The above exception was the direct cause of the following exception:

Traceback (most recent call last):
  File "C:\Users\georg\anaconda3\envs\nawilebi_scrape\Lib\site-packages\twisted\internet\defer.py", line 1074, in _runCallbacks
    current.result = callback(  # type: ignore[misc]
  File "C:\Users\georg\anaconda3\envs\nawilebi_scrape\Lib\site-packages\scrapy\utils\defer.py", line 340, in f
    return deferred_from_coro(coro_f(*coro_args, **coro_kwargs))
  File "D:\Projects\nawilebi_scrape\nawilebi\nawilebi\pipelines.py", line 222, in process_item
    self.cur.execute('''
  File "C:\Users\georg\anaconda3\envs\nawilebi_scrape\Lib\site-packages\mysql\connector\cursor_cext.py", line 357, in execute
    result = self._connection.cmd_query(
  File "C:\Users\georg\anaconda3\envs\nawilebi_scrape\Lib\site-packages\mysql\connector\opentelemetry\context_propagation.py", line 97, in wrapper
    return method(cnx, *args, **kwargs)
  File "C:\Users\georg\anaconda3\envs\nawilebi_scrape\Lib\site-packages\mysql\connector\connection_cext.py", line 713, in cmd_query
    raise get_mysql_exception(
mysql.connector.errors.DatabaseError: 1265 (01000): Data truncated for column 'start_year' at row 1
2024-10-10 23:43:45 [scrapy.core.scraper] ERROR: Error processing {'car_mark': 'CHEVROLET',
 'car_model': 'MALIBU',
 'end_year': 2015,
 'in_stock': False,
 'part_full_name': 'ბამპერის შუა ცხაური (ამერიკული)',
 'part_url': 'https://otoparts.ge/product/%e1%83%91%e1%83%90%e1%83%9b%e1%83%9e%e1%83%94%e1%83%a0%e1%83%98%e1%83%a1-%e1%83%a8%e1%83%a3%e1%83%90-%e1%83%aa%e1%83%ae%e1%83%90%e1%83%a3%e1%83%a0%e1%83%98-%e1%83%90%e1%83%9b%e1%83%94%e1%83%a0/',
 'price': 200.0,
 'start_year': '2015-2024',
 'website': 'https://otoparts.ge/',
 'year': 2024}
Traceback (most recent call last):
  File "C:\Users\georg\anaconda3\envs\nawilebi_scrape\Lib\site-packages\mysql\connector\connection_cext.py", line 705, in cmd_query
    self._cmysql.query(
_mysql_connector.MySQLInterfaceError: Data truncated for column 'start_year' at row 1

The above exception was the direct cause of the following exception:

Traceback (most recent call last):
  File "C:\Users\georg\anaconda3\envs\nawilebi_scrape\Lib\site-packages\twisted\internet\defer.py", line 1074, in _runCallbacks
    current.result = callback(  # type: ignore[misc]
  File "C:\Users\georg\anaconda3\envs\nawilebi_scrape\Lib\site-packages\scrapy\utils\defer.py", line 340, in f
    return deferred_from_coro(coro_f(*coro_args, **coro_kwargs))
  File "D:\Projects\nawilebi_scrape\nawilebi\nawilebi\pipelines.py", line 222, in process_item
    self.cur.execute('''
  File "C:\Users\georg\anaconda3\envs\nawilebi_scrape\Lib\site-packages\mysql\connector\cursor_cext.py", line 357, in execute
    result = self._connection.cmd_query(
  File "C:\Users\georg\anaconda3\envs\nawilebi_scrape\Lib\site-packages\mysql\connector\opentelemetry\context_propagation.py", line 97, in wrapper
    return method(cnx, *args, **kwargs)
  File "C:\Users\georg\anaconda3\envs\nawilebi_scrape\Lib\site-packages\mysql\connector\connection_cext.py", line 713, in cmd_query
    raise get_mysql_exception(
mysql.connector.errors.DatabaseError: 1265 (01000): Data truncated for column 'start_year' at row 1
2024-10-10 23:43:46 [scrapy.crawler] INFO: Received SIGINT, shutting down gracefully. Send again to force 
2024-10-10 23:43:46 [scrapy.core.engine] DEBUG: Crawled (200) <GET https://otoparts.ge/product/%e1%83%91%e1%83%90%e1%83%9b%e1%83%9e%e1%83%94%e1%83%a0%e1%83%98%e1%83%a1-%e1%83%a5%e1%83%95%e1%83%94%e1%83%93%e1%83%90-%e1%83%aa%e1%83%ae%e1%83%90%e1%83%a3%e1%83%a0%e1%83%98-6/> (referer: https://otoparts.ge/product-category/chevrolet/malibu-2015-on/)
2024-10-10 23:43:46 [scrapy.core.engine] INFO: Closing spider (shutdown)
2024-10-10 23:43:47 [scrapy.core.scraper] ERROR: Error processing {'car_mark': 'CHEVROLET',
 'car_model': 'MALIBU',
 'end_year': 2015,
 'in_stock': False,
 'part_full_name': 'ბამპერის შუა ცხაური',
 'part_url': 'https://otoparts.ge/product/%e1%83%91%e1%83%90%e1%83%9b%e1%83%9e%e1%83%94%e1%83%a0%e1%83%98%e1%83%a1-%e1%83%a5%e1%83%95%e1%83%94%e1%83%93%e1%83%90-%e1%83%aa%e1%83%ae%e1%83%90%e1%83%a3%e1%83%a0%e1%83%98-6/',
 'price': 150.0,
 'start_year': '2015-2024',
 'website': 'https://otoparts.ge/',
 'year': 2024}
Traceback (most recent call last):
  File "C:\Users\georg\anaconda3\envs\nawilebi_scrape\Lib\site-packages\mysql\connector\connection_cext.py", line 705, in cmd_query
    self._cmysql.query(
_mysql_connector.MySQLInterfaceError: Data truncated for column 'start_year' at row 1

The above exception was the direct cause of the following exception:

Traceback (most recent call last):
  File "C:\Users\georg\anaconda3\envs\nawilebi_scrape\Lib\site-packages\twisted\internet\defer.py", line 1074, in _runCallbacks
    current.result = callback(  # type: ignore[misc]
  File "C:\Users\georg\anaconda3\envs\nawilebi_scrape\Lib\site-packages\scrapy\utils\defer.py", line 340, in f
    return deferred_from_coro(coro_f(*coro_args, **coro_kwargs))
  File "D:\Projects\nawilebi_scrape\nawilebi\nawilebi\pipelines.py", line 222, in process_item
    self.cur.execute('''
  File "C:\Users\georg\anaconda3\envs\nawilebi_scrape\Lib\site-packages\mysql\connector\cursor_cext.py", line 357, in execute
    result = self._connection.cmd_query(
  File "C:\Users\georg\anaconda3\envs\nawilebi_scrape\Lib\site-packages\mysql\connector\opentelemetry\context_propagation.py", line 97, in wrapper
    return method(cnx, *args, **kwargs)
  File "C:\Users\georg\anaconda3\envs\nawilebi_scrape\Lib\site-packages\mysql\connector\connection_cext.py", line 713, in cmd_query
    raise get_mysql_exception(
mysql.connector.errors.DatabaseError: 1265 (01000): Data truncated for column 'start_year' at row 1
2024-10-10 23:43:47 [scrapy.crawler] INFO: Received SIGINT twice, forcing unclean shutdown
2024-10-10 23:44:57 [scrapy.core.engine] DEBUG: Crawled (200) <GET https://megaautoparts.ge/> (referer: None)
2024-10-10 23:45:59 [scrapy.core.engine] DEBUG: Crawled (200) <GET https://megaautoparts.ge/product-category/chevrolet/> (referer: None)
2024-10-10 23:46:36 [scrapy.core.engine] DEBUG: Crawled (200) <GET https://megaautoparts.ge/product-category/chevrolet/chevrolet-cruze-2009-2014/> (referer: None)
